
The following have been reloaded with a version change:
  1) cpu/0.17.3b => cpu/0.15.4

Compilation completed.
WARNING: An illegal reflective access operation has occurred
WARNING: Illegal reflective access by org.apache.spark.unsafe.Platform (file:/cm/shared/apps/spack/cpu/opt/spack/linux-centos8-zen/gcc-8.3.1/spark-3.2.1-bin-hadoop3.2/jars/spark-unsafe_2.12-3.2.1.jar) to constructor java.nio.DirectByteBuffer(long,int)
WARNING: Please consider reporting this to the maintainers of org.apache.spark.unsafe.Platform
WARNING: Use --illegal-access=warn to enable warnings of further illegal reflective access operations
WARNING: All illegal access operations will be denied in a future release
Using Spark's default log4j profile: org/apache/spark/log4j-defaults.properties
24/04/04 21:38:46 INFO SparkContext: Running Spark version 3.2.1
24/04/04 21:38:46 WARN NativeCodeLoader: Unable to load native-hadoop library for your platform... using builtin-java classes where applicable
24/04/04 21:38:46 INFO ResourceUtils: ==============================================================
24/04/04 21:38:46 INFO ResourceUtils: No custom resources configured for spark.driver.
24/04/04 21:38:46 INFO ResourceUtils: ==============================================================
24/04/04 21:38:46 INFO SparkContext: Submitted application: Add block matrix
24/04/04 21:38:46 INFO ResourceProfile: Default ResourceProfile created, executor resources: Map(cores -> name: cores, amount: 1, script: , vendor: , memory -> name: memory, amount: 1024, script: , vendor: , offHeap -> name: offHeap, amount: 0, script: , vendor: ), task resources: Map(cpus -> name: cpus, amount: 1.0)
24/04/04 21:38:46 INFO ResourceProfile: Limiting resource is cpu
24/04/04 21:38:46 INFO ResourceProfileManager: Added ResourceProfile id: 0
24/04/04 21:38:47 INFO SecurityManager: Changing view acls to: pnisal
24/04/04 21:38:47 INFO SecurityManager: Changing modify acls to: pnisal
24/04/04 21:38:47 INFO SecurityManager: Changing view acls groups to: 
24/04/04 21:38:47 INFO SecurityManager: Changing modify acls groups to: 
24/04/04 21:38:47 INFO SecurityManager: SecurityManager: authentication disabled; ui acls disabled; users  with view permissions: Set(pnisal); groups with view permissions: Set(); users  with modify permissions: Set(pnisal); groups with modify permissions: Set()
24/04/04 21:38:47 INFO Utils: Successfully started service 'sparkDriver' on port 36383.
24/04/04 21:38:47 INFO SparkEnv: Registering MapOutputTracker
24/04/04 21:38:47 INFO SparkEnv: Registering BlockManagerMaster
24/04/04 21:38:47 INFO BlockManagerMasterEndpoint: Using org.apache.spark.storage.DefaultTopologyMapper for getting topology information
24/04/04 21:38:47 INFO BlockManagerMasterEndpoint: BlockManagerMasterEndpoint up
24/04/04 21:38:47 INFO SparkEnv: Registering BlockManagerMasterHeartbeat
24/04/04 21:38:47 INFO DiskBlockManager: Created local directory at /tmp/blockmgr-70e3bd04-22a1-4261-83a3-257921f930d5
24/04/04 21:38:47 INFO MemoryStore: MemoryStore started with capacity 434.4 MiB
24/04/04 21:38:47 INFO SparkEnv: Registering OutputCommitCoordinator
24/04/04 21:38:47 INFO Utils: Successfully started service 'SparkUI' on port 4040.
24/04/04 21:38:47 INFO SparkUI: Bound SparkUI to 0.0.0.0, and started at http://exp-1-01.expanse.sdsc.edu:4040
24/04/04 21:38:47 INFO SparkContext: Added JAR file:/home/pnisal/project4/add.jar at spark://exp-1-01.expanse.sdsc.edu:36383/jars/add.jar with timestamp 1712291926698
24/04/04 21:38:48 INFO Executor: Starting executor ID driver on host exp-1-01.expanse.sdsc.edu
24/04/04 21:38:48 INFO Executor: Fetching spark://exp-1-01.expanse.sdsc.edu:36383/jars/add.jar with timestamp 1712291926698
24/04/04 21:38:48 INFO TransportClientFactory: Successfully created connection to exp-1-01.expanse.sdsc.edu/198.202.103.254:36383 after 28 ms (0 ms spent in bootstraps)
24/04/04 21:38:48 INFO Utils: Fetching spark://exp-1-01.expanse.sdsc.edu:36383/jars/add.jar to /tmp/spark-46e00b3a-4fe9-4ca6-9e24-2e60ea3f5991/userFiles-5d8fc35b-b272-4ce2-a806-a5ca9bb659d3/fetchFileTemp11387623323457372813.tmp
24/04/04 21:38:48 INFO Executor: Adding file:/tmp/spark-46e00b3a-4fe9-4ca6-9e24-2e60ea3f5991/userFiles-5d8fc35b-b272-4ce2-a806-a5ca9bb659d3/add.jar to class loader
24/04/04 21:38:48 INFO Utils: Successfully started service 'org.apache.spark.network.netty.NettyBlockTransferService' on port 45211.
24/04/04 21:38:48 INFO NettyBlockTransferService: Server created on exp-1-01.expanse.sdsc.edu:45211
24/04/04 21:38:48 INFO BlockManager: Using org.apache.spark.storage.RandomBlockReplicationPolicy for block replication policy
24/04/04 21:38:48 INFO BlockManagerMaster: Registering BlockManager BlockManagerId(driver, exp-1-01.expanse.sdsc.edu, 45211, None)
24/04/04 21:38:48 INFO BlockManagerMasterEndpoint: Registering block manager exp-1-01.expanse.sdsc.edu:45211 with 434.4 MiB RAM, BlockManagerId(driver, exp-1-01.expanse.sdsc.edu, 45211, None)
24/04/04 21:38:48 INFO BlockManagerMaster: Registered BlockManager BlockManagerId(driver, exp-1-01.expanse.sdsc.edu, 45211, None)
24/04/04 21:38:48 INFO BlockManager: Initialized BlockManager: BlockManagerId(driver, exp-1-01.expanse.sdsc.edu, 45211, None)
24/04/04 21:38:49 INFO MemoryStore: Block broadcast_0 stored as values in memory (estimated size 219.7 KiB, free 434.2 MiB)
24/04/04 21:38:49 INFO MemoryStore: Block broadcast_0_piece0 stored as bytes in memory (estimated size 32.1 KiB, free 434.2 MiB)
24/04/04 21:38:49 INFO BlockManagerInfo: Added broadcast_0_piece0 in memory on exp-1-01.expanse.sdsc.edu:45211 (size: 32.1 KiB, free: 434.4 MiB)
24/04/04 21:38:49 INFO SparkContext: Created broadcast 0 from textFile at Add.scala:47
24/04/04 21:38:49 INFO FileInputFormat: Total input files to process : 1
24/04/04 21:38:49 INFO MemoryStore: Block broadcast_1 stored as values in memory (estimated size 219.8 KiB, free 433.9 MiB)
24/04/04 21:38:49 INFO MemoryStore: Block broadcast_1_piece0 stored as bytes in memory (estimated size 32.1 KiB, free 433.9 MiB)
24/04/04 21:38:49 INFO BlockManagerInfo: Added broadcast_1_piece0 in memory on exp-1-01.expanse.sdsc.edu:45211 (size: 32.1 KiB, free: 434.3 MiB)
24/04/04 21:38:49 INFO SparkContext: Created broadcast 1 from textFile at Add.scala:47
24/04/04 21:38:49 INFO FileInputFormat: Total input files to process : 1
24/04/04 21:38:49 INFO deprecation: mapred.output.dir is deprecated. Instead, use mapreduce.output.fileoutputformat.outputdir
24/04/04 21:38:49 INFO HadoopMapRedCommitProtocol: Using output committer class org.apache.hadoop.mapred.FileOutputCommitter
24/04/04 21:38:49 INFO FileOutputCommitter: File Output Committer Algorithm version is 1
24/04/04 21:38:49 INFO FileOutputCommitter: FileOutputCommitter skip cleanup _temporary folders under output directory:false, ignore cleanup failures: false
24/04/04 21:38:49 INFO SparkContext: Starting job: runJob at SparkHadoopWriter.scala:83
24/04/04 21:38:49 INFO DAGScheduler: Registering RDD 9 (groupBy at Add.scala:54) as input to shuffle 2
24/04/04 21:38:49 INFO DAGScheduler: Registering RDD 11 (map at Add.scala:63) as input to shuffle 1
24/04/04 21:38:49 INFO DAGScheduler: Registering RDD 3 (groupBy at Add.scala:54) as input to shuffle 3
24/04/04 21:38:49 INFO DAGScheduler: Registering RDD 5 (map at Add.scala:63) as input to shuffle 0
24/04/04 21:38:49 INFO DAGScheduler: Got job 0 (runJob at SparkHadoopWriter.scala:83) with 2 output partitions
24/04/04 21:38:49 INFO DAGScheduler: Final stage: ResultStage 4 (runJob at SparkHadoopWriter.scala:83)
24/04/04 21:38:49 INFO DAGScheduler: Parents of final stage: List(ShuffleMapStage 1, ShuffleMapStage 3)
24/04/04 21:38:49 INFO DAGScheduler: Missing parents: List(ShuffleMapStage 1, ShuffleMapStage 3)
24/04/04 21:38:49 INFO DAGScheduler: Submitting ShuffleMapStage 0 (MapPartitionsRDD[9] at groupBy at Add.scala:54), which has no missing parents
24/04/04 21:38:49 INFO MemoryStore: Block broadcast_2 stored as values in memory (estimated size 7.2 KiB, free 433.9 MiB)
24/04/04 21:38:49 INFO MemoryStore: Block broadcast_2_piece0 stored as bytes in memory (estimated size 3.8 KiB, free 433.9 MiB)
24/04/04 21:38:49 INFO BlockManagerInfo: Added broadcast_2_piece0 in memory on exp-1-01.expanse.sdsc.edu:45211 (size: 3.8 KiB, free: 434.3 MiB)
24/04/04 21:38:49 INFO SparkContext: Created broadcast 2 from broadcast at DAGScheduler.scala:1478
24/04/04 21:38:49 INFO DAGScheduler: Submitting 2 missing tasks from ShuffleMapStage 0 (MapPartitionsRDD[9] at groupBy at Add.scala:54) (first 15 tasks are for partitions Vector(0, 1))
24/04/04 21:38:49 INFO TaskSchedulerImpl: Adding task set 0.0 with 2 tasks resource profile 0
24/04/04 21:38:49 INFO DAGScheduler: Submitting ShuffleMapStage 2 (MapPartitionsRDD[3] at groupBy at Add.scala:54), which has no missing parents
24/04/04 21:38:49 INFO MemoryStore: Block broadcast_3 stored as values in memory (estimated size 7.2 KiB, free 433.9 MiB)
24/04/04 21:38:49 INFO MemoryStore: Block broadcast_3_piece0 stored as bytes in memory (estimated size 3.8 KiB, free 433.9 MiB)
24/04/04 21:38:49 INFO BlockManagerInfo: Added broadcast_3_piece0 in memory on exp-1-01.expanse.sdsc.edu:45211 (size: 3.8 KiB, free: 434.3 MiB)
24/04/04 21:38:49 INFO SparkContext: Created broadcast 3 from broadcast at DAGScheduler.scala:1478
24/04/04 21:38:49 INFO DAGScheduler: Submitting 2 missing tasks from ShuffleMapStage 2 (MapPartitionsRDD[3] at groupBy at Add.scala:54) (first 15 tasks are for partitions Vector(0, 1))
24/04/04 21:38:49 INFO TaskSchedulerImpl: Adding task set 2.0 with 2 tasks resource profile 0
24/04/04 21:38:49 INFO TaskSetManager: Starting task 0.0 in stage 0.0 (TID 0) (exp-1-01.expanse.sdsc.edu, executor driver, partition 0, PROCESS_LOCAL, 4503 bytes) taskResourceAssignments Map()
24/04/04 21:38:49 INFO TaskSetManager: Starting task 1.0 in stage 0.0 (TID 1) (exp-1-01.expanse.sdsc.edu, executor driver, partition 1, PROCESS_LOCAL, 4503 bytes) taskResourceAssignments Map()
24/04/04 21:38:49 INFO Executor: Running task 0.0 in stage 0.0 (TID 0)
24/04/04 21:38:49 INFO Executor: Running task 1.0 in stage 0.0 (TID 1)
24/04/04 21:38:50 INFO HadoopRDD: Input split: file:/home/pnisal/project4/N-matrix-small.txt:0+10422
24/04/04 21:38:50 INFO HadoopRDD: Input split: file:/home/pnisal/project4/N-matrix-small.txt:10422+10422
24/04/04 21:38:50 INFO Executor: Finished task 0.0 in stage 0.0 (TID 0). 1132 bytes result sent to driver
24/04/04 21:38:50 INFO Executor: Finished task 1.0 in stage 0.0 (TID 1). 1175 bytes result sent to driver
24/04/04 21:38:50 INFO TaskSetManager: Starting task 0.0 in stage 2.0 (TID 2) (exp-1-01.expanse.sdsc.edu, executor driver, partition 0, PROCESS_LOCAL, 4503 bytes) taskResourceAssignments Map()
24/04/04 21:38:50 INFO Executor: Running task 0.0 in stage 2.0 (TID 2)
24/04/04 21:38:50 INFO TaskSetManager: Starting task 1.0 in stage 2.0 (TID 3) (exp-1-01.expanse.sdsc.edu, executor driver, partition 1, PROCESS_LOCAL, 4503 bytes) taskResourceAssignments Map()
24/04/04 21:38:50 INFO HadoopRDD: Input split: file:/home/pnisal/project4/M-matrix-small.txt:0+10421
24/04/04 21:38:50 INFO Executor: Running task 1.0 in stage 2.0 (TID 3)
24/04/04 21:38:50 INFO TaskSetManager: Finished task 0.0 in stage 0.0 (TID 0) in 402 ms on exp-1-01.expanse.sdsc.edu (executor driver) (1/2)
24/04/04 21:38:50 INFO HadoopRDD: Input split: file:/home/pnisal/project4/M-matrix-small.txt:10421+10422
24/04/04 21:38:50 INFO TaskSetManager: Finished task 1.0 in stage 0.0 (TID 1) in 392 ms on exp-1-01.expanse.sdsc.edu (executor driver) (2/2)
24/04/04 21:38:50 INFO TaskSchedulerImpl: Removed TaskSet 0.0, whose tasks have all completed, from pool 
24/04/04 21:38:50 INFO DAGScheduler: ShuffleMapStage 0 (groupBy at Add.scala:54) finished in 0.594 s
24/04/04 21:38:50 INFO DAGScheduler: looking for newly runnable stages
24/04/04 21:38:50 INFO DAGScheduler: running: Set(ShuffleMapStage 2)
24/04/04 21:38:50 INFO DAGScheduler: waiting: Set(ShuffleMapStage 1, ShuffleMapStage 3, ResultStage 4)
24/04/04 21:38:50 INFO DAGScheduler: failed: Set()
24/04/04 21:38:50 INFO DAGScheduler: Submitting ShuffleMapStage 1 (MapPartitionsRDD[11] at map at Add.scala:63), which has no missing parents
24/04/04 21:38:50 INFO Executor: Finished task 0.0 in stage 2.0 (TID 2). 1132 bytes result sent to driver
24/04/04 21:38:50 INFO Executor: Finished task 1.0 in stage 2.0 (TID 3). 1132 bytes result sent to driver
24/04/04 21:38:50 INFO TaskSetManager: Finished task 0.0 in stage 2.0 (TID 2) in 85 ms on exp-1-01.expanse.sdsc.edu (executor driver) (1/2)
24/04/04 21:38:50 INFO MemoryStore: Block broadcast_4 stored as values in memory (estimated size 8.1 KiB, free 433.9 MiB)
24/04/04 21:38:50 INFO TaskSetManager: Finished task 1.0 in stage 2.0 (TID 3) in 97 ms on exp-1-01.expanse.sdsc.edu (executor driver) (2/2)
24/04/04 21:38:50 INFO TaskSchedulerImpl: Removed TaskSet 2.0, whose tasks have all completed, from pool 
24/04/04 21:38:50 INFO MemoryStore: Block broadcast_4_piece0 stored as bytes in memory (estimated size 4.2 KiB, free 433.9 MiB)
24/04/04 21:38:50 INFO BlockManagerInfo: Added broadcast_4_piece0 in memory on exp-1-01.expanse.sdsc.edu:45211 (size: 4.2 KiB, free: 434.3 MiB)
24/04/04 21:38:50 INFO SparkContext: Created broadcast 4 from broadcast at DAGScheduler.scala:1478
24/04/04 21:38:50 INFO DAGScheduler: Submitting 2 missing tasks from ShuffleMapStage 1 (MapPartitionsRDD[11] at map at Add.scala:63) (first 15 tasks are for partitions Vector(0, 1))
24/04/04 21:38:50 INFO TaskSchedulerImpl: Adding task set 1.0 with 2 tasks resource profile 0
24/04/04 21:38:50 INFO TaskSetManager: Starting task 0.0 in stage 1.0 (TID 4) (exp-1-01.expanse.sdsc.edu, executor driver, partition 0, NODE_LOCAL, 4260 bytes) taskResourceAssignments Map()
24/04/04 21:38:50 INFO TaskSetManager: Starting task 1.0 in stage 1.0 (TID 5) (exp-1-01.expanse.sdsc.edu, executor driver, partition 1, NODE_LOCAL, 4260 bytes) taskResourceAssignments Map()
24/04/04 21:38:50 INFO Executor: Running task 0.0 in stage 1.0 (TID 4)
24/04/04 21:38:50 INFO Executor: Running task 1.0 in stage 1.0 (TID 5)
24/04/04 21:38:50 INFO DAGScheduler: ShuffleMapStage 2 (groupBy at Add.scala:54) finished in 0.516 s
24/04/04 21:38:50 INFO DAGScheduler: looking for newly runnable stages
24/04/04 21:38:50 INFO DAGScheduler: running: Set(ShuffleMapStage 1)
24/04/04 21:38:50 INFO DAGScheduler: waiting: Set(ShuffleMapStage 3, ResultStage 4)
24/04/04 21:38:50 INFO DAGScheduler: failed: Set()
24/04/04 21:38:50 INFO DAGScheduler: Submitting ShuffleMapStage 3 (MapPartitionsRDD[5] at map at Add.scala:63), which has no missing parents
24/04/04 21:38:50 INFO MemoryStore: Block broadcast_5 stored as values in memory (estimated size 8.1 KiB, free 433.9 MiB)
24/04/04 21:38:50 INFO MemoryStore: Block broadcast_5_piece0 stored as bytes in memory (estimated size 4.2 KiB, free 433.9 MiB)
24/04/04 21:38:50 INFO BlockManagerInfo: Added broadcast_5_piece0 in memory on exp-1-01.expanse.sdsc.edu:45211 (size: 4.2 KiB, free: 434.3 MiB)
24/04/04 21:38:50 INFO SparkContext: Created broadcast 5 from broadcast at DAGScheduler.scala:1478
24/04/04 21:38:50 INFO DAGScheduler: Submitting 2 missing tasks from ShuffleMapStage 3 (MapPartitionsRDD[5] at map at Add.scala:63) (first 15 tasks are for partitions Vector(0, 1))
24/04/04 21:38:50 INFO TaskSchedulerImpl: Adding task set 3.0 with 2 tasks resource profile 0
24/04/04 21:38:50 INFO ShuffleBlockFetcherIterator: Getting 2 (15.2 KiB) non-empty blocks including 2 (15.2 KiB) local and 0 (0.0 B) host-local and 0 (0.0 B) push-merged-local and 0 (0.0 B) remote blocks
24/04/04 21:38:50 INFO ShuffleBlockFetcherIterator: Started 0 remote fetches in 24 ms
24/04/04 21:38:50 INFO ShuffleBlockFetcherIterator: Getting 2 (16.7 KiB) non-empty blocks including 2 (16.7 KiB) local and 0 (0.0 B) host-local and 0 (0.0 B) push-merged-local and 0 (0.0 B) remote blocks
24/04/04 21:38:50 INFO ShuffleBlockFetcherIterator: Started 0 remote fetches in 34 ms
24/04/04 21:38:50 INFO Executor: Finished task 0.0 in stage 1.0 (TID 4). 1476 bytes result sent to driver
24/04/04 21:38:50 INFO TaskSetManager: Starting task 0.0 in stage 3.0 (TID 6) (exp-1-01.expanse.sdsc.edu, executor driver, partition 0, NODE_LOCAL, 4260 bytes) taskResourceAssignments Map()
24/04/04 21:38:50 INFO TaskSetManager: Finished task 0.0 in stage 1.0 (TID 4) in 173 ms on exp-1-01.expanse.sdsc.edu (executor driver) (1/2)
24/04/04 21:38:50 INFO Executor: Finished task 1.0 in stage 1.0 (TID 5). 1476 bytes result sent to driver
24/04/04 21:38:50 INFO TaskSetManager: Starting task 1.0 in stage 3.0 (TID 7) (exp-1-01.expanse.sdsc.edu, executor driver, partition 1, NODE_LOCAL, 4260 bytes) taskResourceAssignments Map()
24/04/04 21:38:50 INFO TaskSetManager: Finished task 1.0 in stage 1.0 (TID 5) in 176 ms on exp-1-01.expanse.sdsc.edu (executor driver) (2/2)
24/04/04 21:38:50 INFO TaskSchedulerImpl: Removed TaskSet 1.0, whose tasks have all completed, from pool 
24/04/04 21:38:50 INFO DAGScheduler: ShuffleMapStage 1 (map at Add.scala:63) finished in 0.203 s
24/04/04 21:38:50 INFO DAGScheduler: looking for newly runnable stages
24/04/04 21:38:50 INFO DAGScheduler: running: Set(ShuffleMapStage 3)
24/04/04 21:38:50 INFO DAGScheduler: waiting: Set(ResultStage 4)
24/04/04 21:38:50 INFO DAGScheduler: failed: Set()
24/04/04 21:38:50 INFO Executor: Running task 1.0 in stage 3.0 (TID 7)
24/04/04 21:38:50 INFO Executor: Running task 0.0 in stage 3.0 (TID 6)
24/04/04 21:38:50 INFO ShuffleBlockFetcherIterator: Getting 2 (16.0 KiB) non-empty blocks including 2 (16.0 KiB) local and 0 (0.0 B) host-local and 0 (0.0 B) push-merged-local and 0 (0.0 B) remote blocks
24/04/04 21:38:50 INFO ShuffleBlockFetcherIterator: Started 0 remote fetches in 1 ms
24/04/04 21:38:50 INFO ShuffleBlockFetcherIterator: Getting 2 (14.5 KiB) non-empty blocks including 2 (14.5 KiB) local and 0 (0.0 B) host-local and 0 (0.0 B) push-merged-local and 0 (0.0 B) remote blocks
24/04/04 21:38:50 INFO ShuffleBlockFetcherIterator: Started 0 remote fetches in 14 ms
24/04/04 21:38:50 INFO Executor: Finished task 0.0 in stage 3.0 (TID 6). 1476 bytes result sent to driver
24/04/04 21:38:50 INFO TaskSetManager: Finished task 0.0 in stage 3.0 (TID 6) in 110 ms on exp-1-01.expanse.sdsc.edu (executor driver) (1/2)
24/04/04 21:38:50 INFO Executor: Finished task 1.0 in stage 3.0 (TID 7). 1476 bytes result sent to driver
24/04/04 21:38:50 INFO TaskSetManager: Finished task 1.0 in stage 3.0 (TID 7) in 116 ms on exp-1-01.expanse.sdsc.edu (executor driver) (2/2)
24/04/04 21:38:50 INFO TaskSchedulerImpl: Removed TaskSet 3.0, whose tasks have all completed, from pool 
24/04/04 21:38:50 INFO DAGScheduler: ShuffleMapStage 3 (map at Add.scala:63) finished in 0.272 s
24/04/04 21:38:50 INFO DAGScheduler: looking for newly runnable stages
24/04/04 21:38:50 INFO DAGScheduler: running: Set()
24/04/04 21:38:50 INFO DAGScheduler: waiting: Set(ResultStage 4)
24/04/04 21:38:50 INFO DAGScheduler: failed: Set()
24/04/04 21:38:50 INFO DAGScheduler: Submitting ResultStage 4 (MapPartitionsRDD[18] at saveAsTextFile at Add.scala:101), which has no missing parents
24/04/04 21:38:50 INFO MemoryStore: Block broadcast_6 stored as values in memory (estimated size 102.5 KiB, free 433.8 MiB)
24/04/04 21:38:50 INFO MemoryStore: Block broadcast_6_piece0 stored as bytes in memory (estimated size 37.1 KiB, free 433.7 MiB)
24/04/04 21:38:50 INFO BlockManagerInfo: Added broadcast_6_piece0 in memory on exp-1-01.expanse.sdsc.edu:45211 (size: 37.1 KiB, free: 434.3 MiB)
24/04/04 21:38:50 INFO SparkContext: Created broadcast 6 from broadcast at DAGScheduler.scala:1478
24/04/04 21:38:50 INFO DAGScheduler: Submitting 2 missing tasks from ResultStage 4 (MapPartitionsRDD[18] at saveAsTextFile at Add.scala:101) (first 15 tasks are for partitions Vector(0, 1))
24/04/04 21:38:50 INFO TaskSchedulerImpl: Adding task set 4.0 with 2 tasks resource profile 0
24/04/04 21:38:50 INFO TaskSetManager: Starting task 0.0 in stage 4.0 (TID 8) (exp-1-01.expanse.sdsc.edu, executor driver, partition 0, PROCESS_LOCAL, 4334 bytes) taskResourceAssignments Map()
24/04/04 21:38:50 INFO TaskSetManager: Starting task 1.0 in stage 4.0 (TID 9) (exp-1-01.expanse.sdsc.edu, executor driver, partition 1, PROCESS_LOCAL, 4334 bytes) taskResourceAssignments Map()
24/04/04 21:38:50 INFO Executor: Running task 1.0 in stage 4.0 (TID 9)
24/04/04 21:38:50 INFO Executor: Running task 0.0 in stage 4.0 (TID 8)
24/04/04 21:38:50 INFO ShuffleBlockFetcherIterator: Getting 1 (5.2 KiB) non-empty blocks including 1 (5.2 KiB) local and 0 (0.0 B) host-local and 0 (0.0 B) push-merged-local and 0 (0.0 B) remote blocks
24/04/04 21:38:50 INFO ShuffleBlockFetcherIterator: Started 0 remote fetches in 1 ms
24/04/04 21:38:50 INFO ShuffleBlockFetcherIterator: Getting 1 (5.2 KiB) non-empty blocks including 1 (5.2 KiB) local and 0 (0.0 B) host-local and 0 (0.0 B) push-merged-local and 0 (0.0 B) remote blocks
24/04/04 21:38:50 INFO ShuffleBlockFetcherIterator: Started 0 remote fetches in 0 ms
24/04/04 21:38:50 INFO ShuffleBlockFetcherIterator: Getting 1 (5.7 KiB) non-empty blocks including 1 (5.7 KiB) local and 0 (0.0 B) host-local and 0 (0.0 B) push-merged-local and 0 (0.0 B) remote blocks
24/04/04 21:38:50 INFO ShuffleBlockFetcherIterator: Started 0 remote fetches in 1 ms
24/04/04 21:38:50 INFO ShuffleBlockFetcherIterator: Getting 1 (5.7 KiB) non-empty blocks including 1 (5.7 KiB) local and 0 (0.0 B) host-local and 0 (0.0 B) push-merged-local and 0 (0.0 B) remote blocks
24/04/04 21:38:50 INFO ShuffleBlockFetcherIterator: Started 0 remote fetches in 3 ms
24/04/04 21:38:50 INFO HadoopMapRedCommitProtocol: Using output committer class org.apache.hadoop.mapred.FileOutputCommitter
24/04/04 21:38:50 INFO FileOutputCommitter: File Output Committer Algorithm version is 1
24/04/04 21:38:50 INFO FileOutputCommitter: FileOutputCommitter skip cleanup _temporary folders under output directory:false, ignore cleanup failures: false
24/04/04 21:38:50 INFO HadoopMapRedCommitProtocol: Using output committer class org.apache.hadoop.mapred.FileOutputCommitter
24/04/04 21:38:50 INFO FileOutputCommitter: File Output Committer Algorithm version is 1
24/04/04 21:38:50 INFO FileOutputCommitter: FileOutputCommitter skip cleanup _temporary folders under output directory:false, ignore cleanup failures: false
24/04/04 21:38:51 INFO FileOutputCommitter: Saved output of task 'attempt_202404042138491596816311145289052_0018_m_000001_0' to file:/home/pnisal/project4/output/_temporary/0/task_202404042138491596816311145289052_0018_m_000001
24/04/04 21:38:51 INFO SparkHadoopMapRedUtil: attempt_202404042138491596816311145289052_0018_m_000001_0: Committed
24/04/04 21:38:51 INFO Executor: Finished task 1.0 in stage 4.0 (TID 9). 1545 bytes result sent to driver
24/04/04 21:38:51 INFO TaskSetManager: Finished task 1.0 in stage 4.0 (TID 9) in 354 ms on exp-1-01.expanse.sdsc.edu (executor driver) (1/2)
24/04/04 21:38:51 INFO FileOutputCommitter: Saved output of task 'attempt_202404042138491596816311145289052_0018_m_000000_0' to file:/home/pnisal/project4/output/_temporary/0/task_202404042138491596816311145289052_0018_m_000000
24/04/04 21:38:51 INFO SparkHadoopMapRedUtil: attempt_202404042138491596816311145289052_0018_m_000000_0: Committed
24/04/04 21:38:51 INFO Executor: Finished task 0.0 in stage 4.0 (TID 8). 1588 bytes result sent to driver
24/04/04 21:38:51 INFO TaskSetManager: Finished task 0.0 in stage 4.0 (TID 8) in 406 ms on exp-1-01.expanse.sdsc.edu (executor driver) (2/2)
24/04/04 21:38:51 INFO TaskSchedulerImpl: Removed TaskSet 4.0, whose tasks have all completed, from pool 
24/04/04 21:38:51 INFO DAGScheduler: ResultStage 4 (runJob at SparkHadoopWriter.scala:83) finished in 0.431 s
24/04/04 21:38:51 INFO DAGScheduler: Job 0 is finished. Cancelling potential speculative or zombie tasks for this job
24/04/04 21:38:51 INFO TaskSchedulerImpl: Killing all running tasks in stage 4: Stage finished
24/04/04 21:38:51 INFO DAGScheduler: Job 0 finished: runJob at SparkHadoopWriter.scala:83, took 1.482678 s
24/04/04 21:38:51 INFO SparkHadoopWriter: Start to commit write Job job_202404042138491596816311145289052_0018.
24/04/04 21:38:51 INFO SparkHadoopWriter: Write Job job_202404042138491596816311145289052_0018 committed. Elapsed time: 368 ms.
24/04/04 21:38:51 INFO SparkUI: Stopped Spark web UI at http://exp-1-01.expanse.sdsc.edu:4040
24/04/04 21:38:51 INFO MapOutputTrackerMasterEndpoint: MapOutputTrackerMasterEndpoint stopped!
24/04/04 21:38:51 INFO MemoryStore: MemoryStore cleared
24/04/04 21:38:51 INFO BlockManager: BlockManager stopped
24/04/04 21:38:51 INFO BlockManagerMaster: BlockManagerMaster stopped
24/04/04 21:38:51 INFO OutputCommitCoordinator$OutputCommitCoordinatorEndpoint: OutputCommitCoordinator stopped!
24/04/04 21:38:51 INFO SparkContext: Successfully stopped SparkContext
24/04/04 21:38:51 INFO ShutdownHookManager: Shutdown hook called
24/04/04 21:38:51 INFO ShutdownHookManager: Deleting directory /tmp/spark-fef842ff-8810-434a-8f97-a70bc101b7d5
24/04/04 21:38:51 INFO ShutdownHookManager: Deleting directory /tmp/spark-46e00b3a-4fe9-4ca6-9e24-2e60ea3f5991
