
The following have been reloaded with a version change:
  1) cpu/0.17.3b => cpu/0.15.4

WARNING: An illegal reflective access operation has occurred
WARNING: Illegal reflective access by org.apache.spark.unsafe.Platform (file:/cm/shared/apps/spack/cpu/opt/spack/linux-centos8-zen/gcc-8.3.1/spark-3.2.1-bin-hadoop3.2/jars/spark-unsafe_2.12-3.2.1.jar) to constructor java.nio.DirectByteBuffer(long,int)
WARNING: Please consider reporting this to the maintainers of org.apache.spark.unsafe.Platform
WARNING: Use --illegal-access=warn to enable warnings of further illegal reflective access operations
WARNING: All illegal access operations will be denied in a future release
Using Spark's default log4j profile: org/apache/spark/log4j-defaults.properties
24/04/25 02:18:34 INFO SparkContext: Running Spark version 3.2.1
24/04/25 02:18:34 WARN NativeCodeLoader: Unable to load native-hadoop library for your platform... using builtin-java classes where applicable
24/04/25 02:18:34 INFO ResourceUtils: ==============================================================
24/04/25 02:18:34 INFO ResourceUtils: No custom resources configured for spark.driver.
24/04/25 02:18:34 INFO ResourceUtils: ==============================================================
24/04/25 02:18:34 INFO SparkContext: Submitted application: Trip
24/04/25 02:18:34 INFO ResourceProfile: Default ResourceProfile created, executor resources: Map(cores -> name: cores, amount: 1, script: , vendor: , memory -> name: memory, amount: 1024, script: , vendor: , offHeap -> name: offHeap, amount: 0, script: , vendor: ), task resources: Map(cpus -> name: cpus, amount: 1.0)
24/04/25 02:18:34 INFO ResourceProfile: Limiting resource is cpu
24/04/25 02:18:34 INFO ResourceProfileManager: Added ResourceProfile id: 0
24/04/25 02:18:35 INFO SecurityManager: Changing view acls to: pnisal
24/04/25 02:18:35 INFO SecurityManager: Changing modify acls to: pnisal
24/04/25 02:18:35 INFO SecurityManager: Changing view acls groups to: 
24/04/25 02:18:35 INFO SecurityManager: Changing modify acls groups to: 
24/04/25 02:18:35 INFO SecurityManager: SecurityManager: authentication disabled; ui acls disabled; users  with view permissions: Set(pnisal); groups with view permissions: Set(); users  with modify permissions: Set(pnisal); groups with modify permissions: Set()
24/04/25 02:18:35 INFO Utils: Successfully started service 'sparkDriver' on port 45627.
24/04/25 02:18:35 INFO SparkEnv: Registering MapOutputTracker
24/04/25 02:18:35 INFO SparkEnv: Registering BlockManagerMaster
24/04/25 02:18:35 INFO BlockManagerMasterEndpoint: Using org.apache.spark.storage.DefaultTopologyMapper for getting topology information
24/04/25 02:18:35 INFO BlockManagerMasterEndpoint: BlockManagerMasterEndpoint up
24/04/25 02:18:35 INFO SparkEnv: Registering BlockManagerMasterHeartbeat
24/04/25 02:18:35 INFO DiskBlockManager: Created local directory at /tmp/blockmgr-ad016228-3875-48b1-a7ee-a82c44ad1d09
24/04/25 02:18:35 INFO MemoryStore: MemoryStore started with capacity 434.4 MiB
24/04/25 02:18:35 INFO SparkEnv: Registering OutputCommitCoordinator
24/04/25 02:18:35 INFO Utils: Successfully started service 'SparkUI' on port 4040.
24/04/25 02:18:35 INFO SparkUI: Bound SparkUI to 0.0.0.0, and started at http://exp-1-06.expanse.sdsc.edu:4040
24/04/25 02:18:35 INFO SparkContext: Added JAR file:/home/pnisal/project7/trip.jar at spark://exp-1-06.expanse.sdsc.edu:45627/jars/trip.jar with timestamp 1714036714681
24/04/25 02:18:35 INFO Executor: Starting executor ID driver on host exp-1-06.expanse.sdsc.edu
24/04/25 02:18:35 INFO Executor: Fetching spark://exp-1-06.expanse.sdsc.edu:45627/jars/trip.jar with timestamp 1714036714681
24/04/25 02:18:35 INFO TransportClientFactory: Successfully created connection to exp-1-06.expanse.sdsc.edu/198.202.103.249:45627 after 28 ms (0 ms spent in bootstraps)
24/04/25 02:18:36 INFO Utils: Fetching spark://exp-1-06.expanse.sdsc.edu:45627/jars/trip.jar to /tmp/spark-876fab41-b606-4799-a6c9-40481d692dd4/userFiles-8d0a0015-e3e1-4209-97b1-accc9c49f06a/fetchFileTemp1351855757578266001.tmp
24/04/25 02:18:36 INFO Executor: Adding file:/tmp/spark-876fab41-b606-4799-a6c9-40481d692dd4/userFiles-8d0a0015-e3e1-4209-97b1-accc9c49f06a/trip.jar to class loader
24/04/25 02:18:36 INFO Utils: Successfully started service 'org.apache.spark.network.netty.NettyBlockTransferService' on port 33565.
24/04/25 02:18:36 INFO NettyBlockTransferService: Server created on exp-1-06.expanse.sdsc.edu:33565
24/04/25 02:18:36 INFO BlockManager: Using org.apache.spark.storage.RandomBlockReplicationPolicy for block replication policy
24/04/25 02:18:36 INFO BlockManagerMaster: Registering BlockManager BlockManagerId(driver, exp-1-06.expanse.sdsc.edu, 33565, None)
24/04/25 02:18:36 INFO BlockManagerMasterEndpoint: Registering block manager exp-1-06.expanse.sdsc.edu:33565 with 434.4 MiB RAM, BlockManagerId(driver, exp-1-06.expanse.sdsc.edu, 33565, None)
24/04/25 02:18:36 INFO BlockManagerMaster: Registered BlockManager BlockManagerId(driver, exp-1-06.expanse.sdsc.edu, 33565, None)
24/04/25 02:18:36 INFO BlockManager: Initialized BlockManager: BlockManagerId(driver, exp-1-06.expanse.sdsc.edu, 33565, None)
24/04/25 02:18:36 INFO MemoryStore: Block broadcast_0 stored as values in memory (estimated size 219.7 KiB, free 434.2 MiB)
24/04/25 02:18:36 INFO MemoryStore: Block broadcast_0_piece0 stored as bytes in memory (estimated size 32.1 KiB, free 434.2 MiB)
24/04/25 02:18:36 INFO BlockManagerInfo: Added broadcast_0_piece0 in memory on exp-1-06.expanse.sdsc.edu:33565 (size: 32.1 KiB, free: 434.4 MiB)
24/04/25 02:18:36 INFO SparkContext: Created broadcast 0 from textFile at Trip.scala:16
24/04/25 02:18:36 INFO MemoryStore: Block broadcast_1 stored as values in memory (estimated size 219.7 KiB, free 433.9 MiB)
24/04/25 02:18:36 INFO MemoryStore: Block broadcast_1_piece0 stored as bytes in memory (estimated size 32.1 KiB, free 433.9 MiB)
24/04/25 02:18:36 INFO BlockManagerInfo: Added broadcast_1_piece0 in memory on exp-1-06.expanse.sdsc.edu:33565 (size: 32.1 KiB, free: 434.3 MiB)
24/04/25 02:18:36 INFO SparkContext: Created broadcast 1 from textFile at Trip.scala:20
24/04/25 02:18:37 INFO SharedState: Setting hive.metastore.warehouse.dir ('null') to the value of spark.sql.warehouse.dir.
24/04/25 02:18:37 INFO SharedState: Warehouse path is 'file:/home/pnisal/project7/spark-warehouse'.
24/04/25 02:18:39 INFO CodeGenerator: Code generated in 175.708487 ms
24/04/25 02:18:39 INFO FileInputFormat: Total input files to process : 1
24/04/25 02:18:39 INFO DAGScheduler: Registering RDD 9 (collect at Trip.scala:41) as input to shuffle 0
24/04/25 02:18:39 INFO DAGScheduler: Got map stage job 0 (collect at Trip.scala:41) with 2 output partitions
24/04/25 02:18:39 INFO DAGScheduler: Final stage: ShuffleMapStage 0 (collect at Trip.scala:41)
24/04/25 02:18:39 INFO DAGScheduler: Parents of final stage: List()
24/04/25 02:18:39 INFO DAGScheduler: Missing parents: List()
24/04/25 02:18:39 INFO DAGScheduler: Submitting ShuffleMapStage 0 (MapPartitionsRDD[9] at collect at Trip.scala:41), which has no missing parents
24/04/25 02:18:39 INFO MemoryStore: Block broadcast_2 stored as values in memory (estimated size 39.3 KiB, free 433.9 MiB)
24/04/25 02:18:39 INFO MemoryStore: Block broadcast_2_piece0 stored as bytes in memory (estimated size 18.0 KiB, free 433.9 MiB)
24/04/25 02:18:39 INFO BlockManagerInfo: Added broadcast_2_piece0 in memory on exp-1-06.expanse.sdsc.edu:33565 (size: 18.0 KiB, free: 434.3 MiB)
24/04/25 02:18:39 INFO SparkContext: Created broadcast 2 from broadcast at DAGScheduler.scala:1478
24/04/25 02:18:39 INFO DAGScheduler: Submitting 2 missing tasks from ShuffleMapStage 0 (MapPartitionsRDD[9] at collect at Trip.scala:41) (first 15 tasks are for partitions Vector(0, 1))
24/04/25 02:18:39 INFO TaskSchedulerImpl: Adding task set 0.0 with 2 tasks resource profile 0
24/04/25 02:18:39 INFO TaskSetManager: Starting task 0.0 in stage 0.0 (TID 0) (exp-1-06.expanse.sdsc.edu, executor driver, partition 0, PROCESS_LOCAL, 4503 bytes) taskResourceAssignments Map()
24/04/25 02:18:39 INFO TaskSetManager: Starting task 1.0 in stage 0.0 (TID 1) (exp-1-06.expanse.sdsc.edu, executor driver, partition 1, PROCESS_LOCAL, 4503 bytes) taskResourceAssignments Map()
24/04/25 02:18:39 INFO Executor: Running task 1.0 in stage 0.0 (TID 1)
24/04/25 02:18:39 INFO Executor: Running task 0.0 in stage 0.0 (TID 0)
24/04/25 02:18:40 INFO HadoopRDD: Input split: file:/home/pnisal/project7/tripdata-small.csv:5600+5600
24/04/25 02:18:40 INFO HadoopRDD: Input split: file:/home/pnisal/project7/tripdata-small.csv:0+5600
24/04/25 02:18:40 INFO CodeGenerator: Code generated in 12.296499 ms
24/04/25 02:18:40 INFO CodeGenerator: Code generated in 9.185965 ms
24/04/25 02:18:40 INFO CodeGenerator: Code generated in 19.42675 ms
24/04/25 02:18:40 INFO CodeGenerator: Code generated in 6.006702 ms
24/04/25 02:18:40 INFO Executor: Finished task 0.0 in stage 0.0 (TID 0). 2600 bytes result sent to driver
24/04/25 02:18:40 INFO Executor: Finished task 1.0 in stage 0.0 (TID 1). 2557 bytes result sent to driver
24/04/25 02:18:40 INFO TaskSetManager: Finished task 0.0 in stage 0.0 (TID 0) in 377 ms on exp-1-06.expanse.sdsc.edu (executor driver) (1/2)
24/04/25 02:18:40 INFO TaskSetManager: Finished task 1.0 in stage 0.0 (TID 1) in 369 ms on exp-1-06.expanse.sdsc.edu (executor driver) (2/2)
24/04/25 02:18:40 INFO TaskSchedulerImpl: Removed TaskSet 0.0, whose tasks have all completed, from pool 
24/04/25 02:18:40 INFO DAGScheduler: ShuffleMapStage 0 (collect at Trip.scala:41) finished in 0.446 s
24/04/25 02:18:40 INFO DAGScheduler: looking for newly runnable stages
24/04/25 02:18:40 INFO DAGScheduler: running: Set()
24/04/25 02:18:40 INFO DAGScheduler: waiting: Set()
24/04/25 02:18:40 INFO DAGScheduler: failed: Set()
24/04/25 02:18:40 INFO ShufflePartitionsUtil: For shuffle(0), advisory target size: 67108864, actual target size 1048576, minimum partition size: 1048576
24/04/25 02:18:40 INFO HashAggregateExec: spark.sql.codegen.aggregate.map.twolevel.enabled is set to true, but current version of codegened fast hashmap does not support this aggregate.
24/04/25 02:18:40 INFO CodeGenerator: Code generated in 16.909163 ms
24/04/25 02:18:40 INFO CodeGenerator: Code generated in 11.080567 ms
24/04/25 02:18:40 INFO SparkContext: Starting job: collect at Trip.scala:41
24/04/25 02:18:40 INFO DAGScheduler: Got job 1 (collect at Trip.scala:41) with 1 output partitions
24/04/25 02:18:40 INFO DAGScheduler: Final stage: ResultStage 2 (collect at Trip.scala:41)
24/04/25 02:18:40 INFO DAGScheduler: Parents of final stage: List(ShuffleMapStage 1)
24/04/25 02:18:40 INFO DAGScheduler: Missing parents: List()
24/04/25 02:18:40 INFO DAGScheduler: Submitting ResultStage 2 (MapPartitionsRDD[14] at collect at Trip.scala:41), which has no missing parents
24/04/25 02:18:40 INFO MemoryStore: Block broadcast_3 stored as values in memory (estimated size 41.0 KiB, free 433.8 MiB)
24/04/25 02:18:40 INFO MemoryStore: Block broadcast_3_piece0 stored as bytes in memory (estimated size 19.4 KiB, free 433.8 MiB)
24/04/25 02:18:40 INFO BlockManagerInfo: Added broadcast_3_piece0 in memory on exp-1-06.expanse.sdsc.edu:33565 (size: 19.4 KiB, free: 434.3 MiB)
24/04/25 02:18:40 INFO SparkContext: Created broadcast 3 from broadcast at DAGScheduler.scala:1478
24/04/25 02:18:40 INFO DAGScheduler: Submitting 1 missing tasks from ResultStage 2 (MapPartitionsRDD[14] at collect at Trip.scala:41) (first 15 tasks are for partitions Vector(0))
24/04/25 02:18:40 INFO TaskSchedulerImpl: Adding task set 2.0 with 1 tasks resource profile 0
24/04/25 02:18:40 INFO TaskSetManager: Starting task 0.0 in stage 2.0 (TID 2) (exp-1-06.expanse.sdsc.edu, executor driver, partition 0, NODE_LOCAL, 4453 bytes) taskResourceAssignments Map()
24/04/25 02:18:40 INFO Executor: Running task 0.0 in stage 2.0 (TID 2)
24/04/25 02:18:40 INFO ShuffleBlockFetcherIterator: Getting 2 (1309.0 B) non-empty blocks including 2 (1309.0 B) local and 0 (0.0 B) host-local and 0 (0.0 B) push-merged-local and 0 (0.0 B) remote blocks
24/04/25 02:18:40 INFO ShuffleBlockFetcherIterator: Started 0 remote fetches in 7 ms
24/04/25 02:18:40 INFO Executor: Finished task 0.0 in stage 2.0 (TID 2). 4188 bytes result sent to driver
24/04/25 02:18:40 INFO TaskSetManager: Finished task 0.0 in stage 2.0 (TID 2) in 58 ms on exp-1-06.expanse.sdsc.edu (executor driver) (1/1)
24/04/25 02:18:40 INFO TaskSchedulerImpl: Removed TaskSet 2.0, whose tasks have all completed, from pool 
24/04/25 02:18:40 INFO DAGScheduler: ResultStage 2 (collect at Trip.scala:41) finished in 0.068 s
24/04/25 02:18:40 INFO DAGScheduler: Job 1 is finished. Cancelling potential speculative or zombie tasks for this job
24/04/25 02:18:40 INFO TaskSchedulerImpl: Killing all running tasks in stage 2: Stage finished
24/04/25 02:18:40 INFO DAGScheduler: Job 1 finished: collect at Trip.scala:41, took 0.083510 s
24/04/25 02:18:40 INFO DAGScheduler: Registering RDD 15 (collect at Trip.scala:41) as input to shuffle 1
24/04/25 02:18:40 INFO DAGScheduler: Got map stage job 2 (collect at Trip.scala:41) with 1 output partitions
24/04/25 02:18:40 INFO DAGScheduler: Final stage: ShuffleMapStage 4 (collect at Trip.scala:41)
24/04/25 02:18:40 INFO DAGScheduler: Parents of final stage: List(ShuffleMapStage 3)
24/04/25 02:18:40 INFO DAGScheduler: Missing parents: List()
24/04/25 02:18:40 INFO DAGScheduler: Submitting ShuffleMapStage 4 (MapPartitionsRDD[15] at collect at Trip.scala:41), which has no missing parents
24/04/25 02:18:40 INFO MemoryStore: Block broadcast_4 stored as values in memory (estimated size 41.4 KiB, free 433.8 MiB)
24/04/25 02:18:40 INFO MemoryStore: Block broadcast_4_piece0 stored as bytes in memory (estimated size 19.6 KiB, free 433.7 MiB)
24/04/25 02:18:40 INFO BlockManagerInfo: Added broadcast_4_piece0 in memory on exp-1-06.expanse.sdsc.edu:33565 (size: 19.6 KiB, free: 434.3 MiB)
24/04/25 02:18:40 INFO SparkContext: Created broadcast 4 from broadcast at DAGScheduler.scala:1478
24/04/25 02:18:40 INFO DAGScheduler: Submitting 1 missing tasks from ShuffleMapStage 4 (MapPartitionsRDD[15] at collect at Trip.scala:41) (first 15 tasks are for partitions Vector(0))
24/04/25 02:18:40 INFO TaskSchedulerImpl: Adding task set 4.0 with 1 tasks resource profile 0
24/04/25 02:18:40 INFO TaskSetManager: Starting task 0.0 in stage 4.0 (TID 3) (exp-1-06.expanse.sdsc.edu, executor driver, partition 0, NODE_LOCAL, 4442 bytes) taskResourceAssignments Map()
24/04/25 02:18:40 INFO Executor: Running task 0.0 in stage 4.0 (TID 3)
24/04/25 02:18:40 INFO ShuffleBlockFetcherIterator: Getting 2 (1309.0 B) non-empty blocks including 2 (1309.0 B) local and 0 (0.0 B) host-local and 0 (0.0 B) push-merged-local and 0 (0.0 B) remote blocks
24/04/25 02:18:40 INFO ShuffleBlockFetcherIterator: Started 0 remote fetches in 0 ms
24/04/25 02:18:40 INFO Executor: Finished task 0.0 in stage 4.0 (TID 3). 3818 bytes result sent to driver
24/04/25 02:18:40 INFO TaskSetManager: Finished task 0.0 in stage 4.0 (TID 3) in 25 ms on exp-1-06.expanse.sdsc.edu (executor driver) (1/1)
24/04/25 02:18:40 INFO TaskSchedulerImpl: Removed TaskSet 4.0, whose tasks have all completed, from pool 
24/04/25 02:18:40 INFO DAGScheduler: ShuffleMapStage 4 (collect at Trip.scala:41) finished in 0.035 s
24/04/25 02:18:40 INFO DAGScheduler: looking for newly runnable stages
24/04/25 02:18:40 INFO DAGScheduler: running: Set()
24/04/25 02:18:40 INFO DAGScheduler: waiting: Set()
24/04/25 02:18:40 INFO DAGScheduler: failed: Set()
24/04/25 02:18:40 INFO ShufflePartitionsUtil: For shuffle(1), advisory target size: 67108864, actual target size 1048576, minimum partition size: 1048576
24/04/25 02:18:40 INFO CodeGenerator: Code generated in 8.769902 ms
24/04/25 02:18:40 INFO SparkContext: Starting job: collect at Trip.scala:41
24/04/25 02:18:40 INFO DAGScheduler: Got job 3 (collect at Trip.scala:41) with 1 output partitions
24/04/25 02:18:40 INFO DAGScheduler: Final stage: ResultStage 7 (collect at Trip.scala:41)
24/04/25 02:18:40 INFO DAGScheduler: Parents of final stage: List(ShuffleMapStage 6)
24/04/25 02:18:40 INFO DAGScheduler: Missing parents: List()
24/04/25 02:18:40 INFO DAGScheduler: Submitting ResultStage 7 (MapPartitionsRDD[18] at collect at Trip.scala:41), which has no missing parents
24/04/25 02:18:40 INFO MemoryStore: Block broadcast_5 stored as values in memory (estimated size 37.4 KiB, free 433.7 MiB)
24/04/25 02:18:40 INFO MemoryStore: Block broadcast_5_piece0 stored as bytes in memory (estimated size 18.0 KiB, free 433.7 MiB)
24/04/25 02:18:40 INFO BlockManagerInfo: Added broadcast_5_piece0 in memory on exp-1-06.expanse.sdsc.edu:33565 (size: 18.0 KiB, free: 434.3 MiB)
24/04/25 02:18:40 INFO SparkContext: Created broadcast 5 from broadcast at DAGScheduler.scala:1478
24/04/25 02:18:40 INFO DAGScheduler: Submitting 1 missing tasks from ResultStage 7 (MapPartitionsRDD[18] at collect at Trip.scala:41) (first 15 tasks are for partitions Vector(0))
24/04/25 02:18:40 INFO TaskSchedulerImpl: Adding task set 7.0 with 1 tasks resource profile 0
24/04/25 02:18:40 INFO TaskSetManager: Starting task 0.0 in stage 7.0 (TID 4) (exp-1-06.expanse.sdsc.edu, executor driver, partition 0, NODE_LOCAL, 4453 bytes) taskResourceAssignments Map()
24/04/25 02:18:40 INFO Executor: Running task 0.0 in stage 7.0 (TID 4)
24/04/25 02:18:40 INFO ShuffleBlockFetcherIterator: Getting 1 (852.0 B) non-empty blocks including 1 (852.0 B) local and 0 (0.0 B) host-local and 0 (0.0 B) push-merged-local and 0 (0.0 B) remote blocks
24/04/25 02:18:40 INFO ShuffleBlockFetcherIterator: Started 0 remote fetches in 0 ms
24/04/25 02:18:40 INFO CodeGenerator: Code generated in 5.519374 ms
24/04/25 02:18:40 INFO Executor: Finished task 0.0 in stage 7.0 (TID 4). 4670 bytes result sent to driver
24/04/25 02:18:40 INFO TaskSetManager: Finished task 0.0 in stage 7.0 (TID 4) in 37 ms on exp-1-06.expanse.sdsc.edu (executor driver) (1/1)
24/04/25 02:18:40 INFO TaskSchedulerImpl: Removed TaskSet 7.0, whose tasks have all completed, from pool 
24/04/25 02:18:40 INFO DAGScheduler: ResultStage 7 (collect at Trip.scala:41) finished in 0.045 s
24/04/25 02:18:40 INFO DAGScheduler: Job 3 is finished. Cancelling potential speculative or zombie tasks for this job
24/04/25 02:18:40 INFO TaskSchedulerImpl: Killing all running tasks in stage 7: Stage finished
24/04/25 02:18:40 INFO DAGScheduler: Job 3 finished: collect at Trip.scala:41, took 0.048204 s
24/04/25 02:18:40 INFO CodeGenerator: Code generated in 6.694148 ms
  0	13.550
  1	8.953
  2	13.208
  3	16.493
  4	18.153
  5	23.000
  6	28.000
  7	27.800
  8	41.210
  9	36.730
 10	40.300
 16	62.800
 18	61.130
24/04/25 02:18:40 INFO SparkContext: Invoking stop() from shutdown hook
24/04/25 02:18:40 INFO SparkUI: Stopped Spark web UI at http://exp-1-06.expanse.sdsc.edu:4040
24/04/25 02:18:40 INFO MapOutputTrackerMasterEndpoint: MapOutputTrackerMasterEndpoint stopped!
24/04/25 02:18:40 INFO MemoryStore: MemoryStore cleared
24/04/25 02:18:40 INFO BlockManager: BlockManager stopped
24/04/25 02:18:40 INFO BlockManagerMaster: BlockManagerMaster stopped
24/04/25 02:18:40 INFO OutputCommitCoordinator$OutputCommitCoordinatorEndpoint: OutputCommitCoordinator stopped!
24/04/25 02:18:40 INFO SparkContext: Successfully stopped SparkContext
24/04/25 02:18:40 INFO ShutdownHookManager: Shutdown hook called
24/04/25 02:18:40 INFO ShutdownHookManager: Deleting directory /tmp/spark-876fab41-b606-4799-a6c9-40481d692dd4
24/04/25 02:18:40 INFO ShutdownHookManager: Deleting directory /tmp/spark-99d00d41-821a-4fdf-b8d3-c8d75f2e101b