
The following have been reloaded with a version change:
  1) cpu/0.17.3b => cpu/0.15.4

2024-04-16 14:01:58,065 INFO pig.ExecTypeProvider: Trying ExecType : LOCAL
2024-04-16 14:01:58,066 INFO pig.ExecTypeProvider: Picked LOCAL as the ExecType
2024-04-16 14:01:58,101 [main] INFO  org.apache.pig.Main - Apache Pig version 0.17.0 (r1797386) compiled Jun 02 2017, 15:41:58
2024-04-16 14:01:58,101 [main] INFO  org.apache.pig.Main - Logging error messages to: /home/pnisal/project6/pig_1713301318099.log
2024-04-16 14:01:58,120 [main] INFO  org.apache.hadoop.conf.Configuration.deprecation - user.name is deprecated. Instead, use mapreduce.job.user.name
2024-04-16 14:01:58,248 [main] INFO  org.apache.pig.impl.util.Utils - Default bootup file /home/pnisal/.pigbootup not found
2024-04-16 14:01:58,288 [main] INFO  org.apache.hadoop.conf.Configuration.deprecation - mapred.job.tracker is deprecated. Instead, use mapreduce.jobtracker.address
2024-04-16 14:01:58,289 [main] INFO  org.apache.pig.backend.hadoop.executionengine.HExecutionEngine - Connecting to hadoop file system at: file:///
2024-04-16 14:01:58,307 [main] INFO  org.apache.pig.PigServer - Pig Script ID for the session: PIG-trip.pig-eb23e48b-6b60-494a-9283-dcc39981411f
2024-04-16 14:01:58,307 [main] WARN  org.apache.pig.PigServer - ATS is disabled since yarn.timeline-service.enabled set to false
2024-04-16 14:01:58,605 [main] INFO  org.apache.pig.tools.pigstats.ScriptState - Pig features used in the script: UNKNOWN
2024-04-16 14:01:58,639 [main] INFO  org.apache.pig.newplan.logical.optimizer.LogicalPlanOptimizer - {RULES_ENABLED=[AddForEach, ColumnMapKeyPrune, ConstantCalculator, GroupByConstParallelSetter, LimitOptimizer, LoadTypeCastInserter, MergeFilter, MergeForEach, NestedLimitOptimizer, PartitionFilterOptimizer, PredicatePushdownOptimizer, PushDownForEachFlatten, PushUpFilter, SplitFilter, StreamTypeCastInserter]}
2024-04-16 14:01:58,677 [main] INFO  org.apache.pig.impl.util.SpillableMemoryManager - Selected heap (G1 Old Gen) of size 1048576000 to monitor. collectionUsageThreshold = 734003200, usageThreshold = 734003200
2024-04-16 14:01:58,706 [main] INFO  org.apache.pig.backend.hadoop.executionengine.mapReduceLayer.MRCompiler - File concatenation threshold: 100 optimistic? false
2024-04-16 14:01:58,718 [main] INFO  org.apache.pig.backend.hadoop.executionengine.mapReduceLayer.MultiQueryOptimizer - MR plan size before optimization: 1
2024-04-16 14:01:58,718 [main] INFO  org.apache.pig.backend.hadoop.executionengine.mapReduceLayer.MultiQueryOptimizer - MR plan size after optimization: 1
2024-04-16 14:01:58,790 [main] INFO  org.apache.hadoop.metrics2.impl.MetricsConfig - Loaded properties from hadoop-metrics2.properties
2024-04-16 14:01:58,859 [main] INFO  org.apache.hadoop.metrics2.impl.MetricsSystemImpl - Scheduled Metric snapshot period at 10 second(s).
2024-04-16 14:01:58,859 [main] INFO  org.apache.hadoop.metrics2.impl.MetricsSystemImpl - JobTracker metrics system started
2024-04-16 14:01:58,875 [main] INFO  org.apache.pig.tools.pigstats.mapreduce.MRScriptState - Pig script settings are added to the job
2024-04-16 14:01:58,879 [main] INFO  org.apache.hadoop.conf.Configuration.deprecation - mapred.job.reduce.markreset.buffer.percent is deprecated. Instead, use mapreduce.reduce.markreset.buffer.percent
2024-04-16 14:01:58,879 [main] INFO  org.apache.pig.backend.hadoop.executionengine.mapReduceLayer.JobControlCompiler - mapred.job.reduce.markreset.buffer.percent is not set, set to default 0.3
2024-04-16 14:01:58,881 [main] INFO  org.apache.hadoop.conf.Configuration.deprecation - mapred.output.compress is deprecated. Instead, use mapreduce.output.fileoutputformat.compress
2024-04-16 14:01:58,888 [main] INFO  org.apache.pig.backend.hadoop.executionengine.mapReduceLayer.JobControlCompiler - Setting up single store job
2024-04-16 14:01:58,896 [main] INFO  org.apache.pig.data.SchemaTupleFrontend - Key [pig.schematuple] is false, will not generate code.
2024-04-16 14:01:58,896 [main] INFO  org.apache.pig.data.SchemaTupleFrontend - Starting process to move generated code to distributed cacche
2024-04-16 14:01:58,896 [main] INFO  org.apache.pig.data.SchemaTupleFrontend - Distributed cache not supported or needed in local mode. Setting key [pig.schematuple.local.dir] with code temp directory: /tmp/1713301318896-0
2024-04-16 14:01:58,925 [main] INFO  org.apache.pig.backend.hadoop.executionengine.mapReduceLayer.MapReduceLauncher - 1 map-reduce job(s) waiting for submission.
2024-04-16 14:01:58,934 [JobControl] WARN  org.apache.hadoop.metrics2.impl.MetricsSystemImpl - JobTracker metrics system already initialized!
2024-04-16 14:01:58,952 [JobControl] INFO  org.apache.hadoop.conf.Configuration.deprecation - mapred.task.id is deprecated. Instead, use mapreduce.task.attempt.id
2024-04-16 14:01:59,000 [JobControl] WARN  org.apache.hadoop.mapreduce.JobResourceUploader - No job jar file set.  User classes may not be found. See Job or Job#setJar(String).
2024-04-16 14:01:59,017 [JobControl] INFO  org.apache.pig.builtin.PigStorage - Using PigTextInputFormat
2024-04-16 14:01:59,021 [JobControl] INFO  org.apache.hadoop.mapreduce.lib.input.FileInputFormat - Total input files to process : 1
2024-04-16 14:01:59,021 [JobControl] INFO  org.apache.pig.backend.hadoop.executionengine.util.MapRedUtil - Total input paths to process : 1
2024-04-16 14:01:59,030 [JobControl] INFO  org.apache.pig.backend.hadoop.executionengine.util.MapRedUtil - Total input paths (combined) to process : 1
2024-04-16 14:01:59,043 [JobControl] INFO  org.apache.hadoop.mapreduce.JobSubmitter - number of splits:1
2024-04-16 14:01:59,171 [JobControl] INFO  org.apache.hadoop.mapreduce.JobSubmitter - Submitting tokens for job: job_local709153275_0001
2024-04-16 14:01:59,172 [JobControl] INFO  org.apache.hadoop.mapreduce.JobSubmitter - Executing with tokens: []
2024-04-16 14:01:59,190 [JobControl] WARN  org.apache.hadoop.conf.Configuration - file:/tmp/hadoop/mapred/staging/pnisal709153275/.staging/job_local709153275_0001/job.xml:an attempt to override final parameter: yarn.resourcemanager.hostname;  Ignoring.
2024-04-16 14:01:59,259 [JobControl] INFO  org.apache.hadoop.mapreduce.Job - The url to track the job: http://localhost:8080/
2024-04-16 14:01:59,263 [Thread-5] INFO  org.apache.hadoop.mapred.LocalJobRunner - OutputCommitter set in config null
2024-04-16 14:01:59,279 [Thread-5] INFO  org.apache.hadoop.conf.Configuration.deprecation - mapred.job.tracker is deprecated. Instead, use mapreduce.jobtracker.address
2024-04-16 14:01:59,279 [Thread-5] INFO  org.apache.hadoop.conf.Configuration.deprecation - mapred.job.reduce.markreset.buffer.percent is deprecated. Instead, use mapreduce.reduce.markreset.buffer.percent
2024-04-16 14:01:59,281 [Thread-5] INFO  org.apache.hadoop.mapreduce.lib.output.FileOutputCommitter - File Output Committer Algorithm version is 2
2024-04-16 14:01:59,281 [Thread-5] INFO  org.apache.hadoop.mapreduce.lib.output.FileOutputCommitter - FileOutputCommitter skip cleanup _temporary folders under output directory:false, ignore cleanup failures: false
2024-04-16 14:01:59,282 [Thread-5] INFO  org.apache.hadoop.mapred.LocalJobRunner - OutputCommitter is org.apache.pig.backend.hadoop.executionengine.mapReduceLayer.PigOutputCommitter
2024-04-16 14:01:59,306 [Thread-5] INFO  org.apache.hadoop.mapred.LocalJobRunner - Waiting for map tasks
2024-04-16 14:01:59,307 [LocalJobRunner Map Task Executor #0] INFO  org.apache.hadoop.mapred.LocalJobRunner - Starting task: attempt_local709153275_0001_m_000000_0
2024-04-16 14:01:59,335 [LocalJobRunner Map Task Executor #0] INFO  org.apache.hadoop.mapreduce.lib.output.FileOutputCommitter - File Output Committer Algorithm version is 2
2024-04-16 14:01:59,335 [LocalJobRunner Map Task Executor #0] INFO  org.apache.hadoop.mapreduce.lib.output.FileOutputCommitter - FileOutputCommitter skip cleanup _temporary folders under output directory:false, ignore cleanup failures: false
2024-04-16 14:01:59,361 [LocalJobRunner Map Task Executor #0] INFO  org.apache.hadoop.mapred.Task -  Using ResourceCalculatorProcessTree : [ ]
2024-04-16 14:01:59,367 [LocalJobRunner Map Task Executor #0] INFO  org.apache.hadoop.mapred.MapTask - Processing split: Number of splits :1
Total Length = 11199
Input split[0]:
   Length = 11199
   ClassName: org.apache.hadoop.mapreduce.lib.input.FileSplit
   Locations:

-----------------------

2024-04-16 14:01:59,375 [LocalJobRunner Map Task Executor #0] INFO  org.apache.pig.builtin.PigStorage - Using PigTextInputFormat
2024-04-16 14:01:59,377 [LocalJobRunner Map Task Executor #0] INFO  org.apache.pig.backend.hadoop.executionengine.mapReduceLayer.PigRecordReader - Current split being processed file:/home/pnisal/project6/tripdata-small.csv:0+11199
2024-04-16 14:01:59,381 [LocalJobRunner Map Task Executor #0] INFO  org.apache.hadoop.mapreduce.lib.output.FileOutputCommitter - File Output Committer Algorithm version is 2
2024-04-16 14:01:59,381 [LocalJobRunner Map Task Executor #0] INFO  org.apache.hadoop.mapreduce.lib.output.FileOutputCommitter - FileOutputCommitter skip cleanup _temporary folders under output directory:false, ignore cleanup failures: false
2024-04-16 14:01:59,388 [LocalJobRunner Map Task Executor #0] INFO  org.apache.pig.impl.util.SpillableMemoryManager - Selected heap (G1 Old Gen) of size 1048576000 to monitor. collectionUsageThreshold = 734003200, usageThreshold = 734003200
2024-04-16 14:01:59,389 [LocalJobRunner Map Task Executor #0] INFO  org.apache.pig.data.SchemaTupleBackend - Key [pig.schematuple] was not set... will not generate code.
2024-04-16 14:01:59,402 [LocalJobRunner Map Task Executor #0] INFO  org.apache.pig.backend.hadoop.executionengine.mapReduceLayer.PigMapOnly$Map - Aliases being processed per job phase (AliasName[line,offset]): M: TRIP[1,7],TRIP[-1,-1] C:  R: 
2024-04-16 14:01:59,420 [LocalJobRunner Map Task Executor #0] INFO  org.apache.hadoop.mapred.LocalJobRunner - 
2024-04-16 14:01:59,425 [LocalJobRunner Map Task Executor #0] INFO  org.apache.hadoop.mapred.Task - Task:attempt_local709153275_0001_m_000000_0 is done. And is in the process of committing
2024-04-16 14:01:59,427 [main] INFO  org.apache.pig.backend.hadoop.executionengine.mapReduceLayer.MapReduceLauncher - HadoopJobId: job_local709153275_0001
2024-04-16 14:01:59,427 [main] INFO  org.apache.pig.backend.hadoop.executionengine.mapReduceLayer.MapReduceLauncher - Processing aliases TRIP
2024-04-16 14:01:59,427 [main] INFO  org.apache.pig.backend.hadoop.executionengine.mapReduceLayer.MapReduceLauncher - detailed locations: M: TRIP[1,7],TRIP[-1,-1] C:  R: 
2024-04-16 14:01:59,428 [LocalJobRunner Map Task Executor #0] INFO  org.apache.hadoop.mapred.LocalJobRunner - 
2024-04-16 14:01:59,428 [LocalJobRunner Map Task Executor #0] INFO  org.apache.hadoop.mapred.Task - Task attempt_local709153275_0001_m_000000_0 is allowed to commit now
2024-04-16 14:01:59,430 [main] INFO  org.apache.pig.backend.hadoop.executionengine.mapReduceLayer.MapReduceLauncher - 0% complete
2024-04-16 14:01:59,430 [main] INFO  org.apache.pig.backend.hadoop.executionengine.mapReduceLayer.MapReduceLauncher - Running jobs are [job_local709153275_0001]
2024-04-16 14:01:59,432 [LocalJobRunner Map Task Executor #0] INFO  org.apache.hadoop.mapreduce.lib.output.FileOutputCommitter - Saved output of task 'attempt_local709153275_0001_m_000000_0' to file:/tmp/temp-1515022234/tmp-1756654670
2024-04-16 14:01:59,432 [LocalJobRunner Map Task Executor #0] INFO  org.apache.hadoop.mapred.LocalJobRunner - map
2024-04-16 14:01:59,432 [LocalJobRunner Map Task Executor #0] INFO  org.apache.hadoop.mapred.Task - Task 'attempt_local709153275_0001_m_000000_0' done.
2024-04-16 14:01:59,436 [LocalJobRunner Map Task Executor #0] INFO  org.apache.hadoop.mapred.Task - Final Counters for attempt_local709153275_0001_m_000000_0: Counters: 16
	File System Counters
		FILE: Number of bytes read=11627
		FILE: Number of bytes written=550587
		FILE: Number of read operations=0
		FILE: Number of large read operations=0
		FILE: Number of write operations=0
	Map-Reduce Framework
		Map input records=72
		Map output records=72
		Input split bytes=372
		Spilled Records=0
		Failed Shuffles=0
		Merged Map outputs=0
		GC time elapsed (ms)=0
		Total committed heap usage (bytes)=1048576000
	File Input Format Counters 
		Bytes Read=0
	File Output Format Counters 
		Bytes Written=0
	org.apache.pig.PigWarning
		FIELD_DISCARDED_TYPE_CONVERSION_FAILED=2
2024-04-16 14:01:59,436 [LocalJobRunner Map Task Executor #0] INFO  org.apache.hadoop.mapred.LocalJobRunner - Finishing task: attempt_local709153275_0001_m_000000_0
2024-04-16 14:01:59,437 [Thread-5] INFO  org.apache.hadoop.mapred.LocalJobRunner - map task executor complete.
2024-04-16 14:01:59,566 [main] WARN  org.apache.hadoop.metrics2.impl.MetricsSystemImpl - JobTracker metrics system already initialized!
2024-04-16 14:01:59,588 [main] WARN  org.apache.hadoop.metrics2.impl.MetricsSystemImpl - JobTracker metrics system already initialized!
2024-04-16 14:01:59,588 [main] INFO  org.apache.hadoop.conf.Configuration.deprecation - mapred.map.tasks is deprecated. Instead, use mapreduce.job.maps
2024-04-16 14:01:59,588 [main] INFO  org.apache.hadoop.conf.Configuration.deprecation - mapred.reduce.tasks is deprecated. Instead, use mapreduce.job.reduces
2024-04-16 14:01:59,589 [main] WARN  org.apache.hadoop.metrics2.impl.MetricsSystemImpl - JobTracker metrics system already initialized!
2024-04-16 14:01:59,605 [main] INFO  org.apache.pig.backend.hadoop.executionengine.mapReduceLayer.MapReduceLauncher - 100% complete
2024-04-16 14:01:59,608 [main] INFO  org.apache.pig.tools.pigstats.mapreduce.SimplePigStats - Script Statistics: 

HadoopVersion	PigVersion	UserId	StartedAt	FinishedAt	Features
3.2.2	0.17.0	pnisal	2024-04-16 14:01:58	2024-04-16 14:01:59	UNKNOWN

Success!

Job Stats (time in seconds):
JobId	Maps	Reduces	MaxMapTime	MinMapTime	AvgMapTime	MedianMapTime	MaxReduceTime	MinReduceTime	AvgReduceTime	MedianReducetime	Alias	Feature	Outputs
job_local709153275_0001	1	0	n/a	n/a	n/a	n/a	0	0	0	0	TRIP	MAP_ONLY	file:/tmp/temp-1515022234/tmp-1756654670,

Input(s):
Successfully read 72 records from: "file:///home/pnisal/project6/tripdata-small.csv"

Output(s):
Successfully stored 72 records in: "file:/tmp/temp-1515022234/tmp-1756654670"

Counters:
Total records written : 72
Total bytes written : 0
Spillable Memory Manager spill count : 0
Total bags proactively spilled: 0
Total records proactively spilled: 0

Job DAG:
job_local709153275_0001


2024-04-16 14:01:59,609 [main] WARN  org.apache.hadoop.metrics2.impl.MetricsSystemImpl - JobTracker metrics system already initialized!
2024-04-16 14:01:59,611 [main] WARN  org.apache.hadoop.metrics2.impl.MetricsSystemImpl - JobTracker metrics system already initialized!
2024-04-16 14:01:59,612 [main] WARN  org.apache.hadoop.metrics2.impl.MetricsSystemImpl - JobTracker metrics system already initialized!
2024-04-16 14:01:59,616 [main] WARN  org.apache.pig.backend.hadoop.executionengine.mapReduceLayer.MapReduceLauncher - Encountered Warning FIELD_DISCARDED_TYPE_CONVERSION_FAILED 2 time(s).
2024-04-16 14:01:59,616 [main] INFO  org.apache.pig.backend.hadoop.executionengine.mapReduceLayer.MapReduceLauncher - Success!
2024-04-16 14:01:59,618 [main] WARN  org.apache.pig.data.SchemaTupleBackend - SchemaTupleBackend has already been initialized
2024-04-16 14:01:59,623 [main] INFO  org.apache.hadoop.mapreduce.lib.input.FileInputFormat - Total input files to process : 1
2024-04-16 14:01:59,624 [main] INFO  org.apache.pig.backend.hadoop.executionengine.util.MapRedUtil - Total input paths to process : 1
(VendorID,tpep_pickup_datetime,tpep_dropoff_datetime,passenger_count,,pickup_longitude,pickup_latitude,RateCodeID,store_and_fwd_flag,dropoff_longitude,dropoff_latitude,payment_type,fare_amount,extra,mta_tax,tip_amount,tolls_amount,improvement_surcharge,)
(2,2015-01-15 19:05:39,2015-01-15 19:23:42,1,1.59,-73.993896484375,40.750110626220703,1,N,-73.974784851074219,40.750617980957031,1,12,1,0.5,3.25,0,0.3,17.05)
(1,2015-01-10 20:33:38,2015-01-10 20:53:28,1,3.3,-74.00164794921875,40.7242431640625,1,N,-73.994415283203125,40.759109497070313,1,14.5,0.5,0.5,2,0,0.3,17.8)
(1,2015-01-10 20:33:38,2015-01-10 20:43:41,1,1.8,-73.963340759277344,40.802787780761719,1,N,-73.951820373535156,40.824413299560547,2,9.5,0.5,0.5,0,0,0.3,10.8)
(1,2015-01-10 20:33:39,2015-01-10 20:35:31,1,0.5,-74.009086608886719,40.713817596435547,1,N,-74.004325866699219,40.719985961914063,2,3.5,0.5,0.5,0,0,0.3,4.8)
(1,2015-01-10 20:33:39,2015-01-10 20:52:58,1,3.0,-73.971176147460938,40.762428283691406,1,N,-74.004180908203125,40.742652893066406,2,15,0.5,0.5,0,0,0.3,16.3)
(1,2015-01-10 20:33:39,2015-01-10 20:53:52,1,9.0,-73.874374389648438,40.7740478515625,1,N,-73.986976623535156,40.758193969726563,1,27,0.5,0.5,6.7,5.33,0.3,40.33)
(1,2015-01-10 20:33:39,2015-01-10 20:58:31,1,2.2,-73.9832763671875,40.726009368896484,1,N,-73.992469787597656,40.7496337890625,2,14,0.5,0.5,0,0,0.3,15.3)
(1,2015-01-10 20:33:39,2015-01-10 20:42:20,3,0.8,-74.002662658691406,40.734142303466797,1,N,-73.995010375976563,40.726325988769531,1,7,0.5,0.5,1.66,0,0.3,9.96)
(1,2015-01-10 20:33:39,2015-01-10 21:11:35,3,18.2,-73.783042907714844,40.644355773925781,2,N,-73.987594604492187,40.759357452392578,2,52,0,0.5,0,5.33,0.3,58.13)
(1,2015-01-10 20:33:40,2015-01-10 20:40:44,2,0.9,-73.985588073730469,40.767948150634766,1,N,-73.985916137695313,40.759365081787109,1,6.5,0.5,0.5,1.55,0,0.3,9.35)
(1,2015-01-10 20:33:40,2015-01-10 20:41:39,1,0.9,-73.988616943359375,40.723102569580078,1,N,-74.00439453125,40.728584289550781,1,7,0.5,0.5,1.66,0,0.3,9.96)
(1,2015-01-10 20:33:41,2015-01-10 20:43:26,1,1.1,-73.993782043457031,40.751419067382812,1,N,-73.9674072265625,40.757217407226563,1,7.5,0.5,0.5,1,0,0.3,9.8)
(1,2015-01-10 20:33:41,2015-01-10 20:35:23,1,0.3,-74.00836181640625,40.704376220703125,1,N,-74.009773254394531,40.707725524902344,2,3,0.5,0.5,0,0,0.3,4.3)
(1,2015-01-10 20:33:41,2015-01-10 21:03:04,1,3.1,-73.973945617675781,40.760448455810547,1,N,-73.997344970703125,40.735210418701172,1,19,0.5,0.5,3,0,0.3,23.3)
(1,2015-01-10 20:33:41,2015-01-10 20:39:23,1,1.1,-74.006721496582031,40.731777191162109,1,N,-73.995216369628906,40.739894866943359,2,6,0.5,0.5,0,0,0.3,7.3)
(2,2015-01-15 19:05:39,2015-01-15 19:32:00,1,2.38,-73.976425170898437,40.739810943603516,1,N,-73.983978271484375,40.757888793945313,1,16.5,1,0.5,4.38,0,0.3,22.68)
(2,2015-01-15 19:05:40,2015-01-15 19:21:00,5,2.83,-73.968704223632812,40.754245758056641,1,N,-73.955123901367188,40.786857604980469,2,12.5,1,0.5,0,0,0.3,14.3)
(2,2015-01-15 19:05:40,2015-01-15 19:28:18,5,8.33,-73.863059997558594,40.769580841064453,1,N,-73.952713012695312,40.785781860351563,1,26,1,0.5,8.08,5.33,0.3,41.21)
(2,2015-01-15 19:05:41,2015-01-15 19:20:36,1,2.37,-73.945541381835938,40.779422760009766,1,N,-73.980850219726563,40.786083221435547,1,11.5,1,0.5,0,0,0.3,13.3)
(2,2015-01-15 19:05:41,2015-01-15 19:20:22,2,7.13,-73.874458312988281,40.774009704589844,1,N,-73.952377319335938,40.718589782714844,1,21.5,1,0.5,4.5,0,0.3,27.8)
(2,2015-01-15 19:05:41,2015-01-15 19:31:00,1,3.6,-73.976600646972656,40.751895904541016,1,N,-73.998924255371094,40.714595794677734,2,17.5,1,0.5,0,0,0.3,19.3)
(2,2015-01-15 19:05:41,2015-01-15 19:10:22,1,0.89,-73.994956970214844,40.745079040527344,1,N,-73.99993896484375,40.734649658203125,1,5.5,1,0.5,1.62,0,0.3,8.92)
(2,2015-01-15 19:05:41,2015-01-15 19:10:55,1,0.96,-74.000938415527344,40.747062683105469,1,N,-74.003562927246094,40.735511779785156,1,5.5,1,0.5,1.3,0,0.3,8.6)
(2,2015-01-15 19:05:41,2015-01-15 19:12:36,2,1.25,-74.002777099609375,40.717891693115234,1,N,-74.007919311523438,40.704219818115234,1,6.5,1,0.5,1.5,0,0.3,9.8)
(2,2015-01-15 19:05:41,2015-01-15 19:22:11,5,2.11,-73.997459411621094,40.736362457275391,1,N,-73.978172302246094,40.761856079101562,1,11.5,1,0.5,2.5,0,0.3,15.8)
(2,2015-01-15 19:05:41,2015-01-15 19:14:05,5,1.15,-73.952278137207031,40.823993682861328,1,N,-73.953338623046875,40.811088562011719,1,7.5,1,0.5,1.7,0,0.3,11.0)
(2,2015-01-15 19:05:42,2015-01-15 19:16:18,1,1.53,-73.991127014160156,40.750080108642578,1,N,-73.988609313964844,40.734889984130859,2,9,1,0.5,0,0,0.3,10.8)
(2,2015-01-15 19:05:42,2015-01-15 19:49:07,1,18.06,-73.786575317382812,40.644126892089844,2,N,-73.985603332519531,40.7435302734375,1,52,0,0.5,6,5.33,0.3,64.13)
(2,2015-01-15 19:05:42,2015-01-15 19:18:33,1,1.76,-73.993667602539063,40.741447448730469,1,N,-73.994514465332031,40.757720947265625,1,10,1,0.5,2.36,0,0.3,14.16)
(2,2015-01-15 19:05:42,2015-01-15 19:21:40,6,5.19,-73.98529052734375,40.744083404541016,1,N,-74.009078979492188,40.704689025878906,1,17.5,1,0.5,3.7,0,0.3,23.0)
(2,2015-01-15 19:05:42,2015-01-15 19:14:23,1,1.38,-73.969772338867187,40.785610198974609,1,N,-73.950706481933594,40.774681091308594,1,7.5,1,0.5,1.7,0,0.3,11.0)
(2,2015-01-15 19:05:43,2015-01-15 19:05:44,2,0.01,0,0,5,N,0,0,1,60,0,0,0,0,0.3,60.3)
(2,2015-01-15 19:05:43,2015-01-15 19:17:43,2,2.23,-73.985092163085938,40.756988525390625,1,N,-73.984878540039063,40.7801513671875,1,10,1,0.5,2.2,0,0.3,14.0)
(2,2015-01-15 19:05:43,2015-01-15 19:15:17,1,1.56,-73.966163635253906,40.762161254882813,1,N,-73.950050354003906,40.776252746582031,1,8,1,0.5,1.8,0,0.3,11.6)
(2,2015-01-15 19:05:43,2015-01-15 19:15:09,5,1.57,-73.978424072265625,40.746208190917969,1,N,-73.980216979980469,40.728542327880859,1,8,1,0.5,1.8,0,0.3,11.6)
(2,2015-01-15 19:05:44,2015-01-15 19:17:44,1,2.92,-73.99835205078125,40.72003173828125,1,N,-73.955825805664062,40.715599060058594,1,12.5,1,0.5,2.7,0,0.3,17.0)
(1,2015-01-10 19:12:21,2015-01-10 19:31:33,1,2.9,-74.0030517578125,40.727718353271484,1,N,-73.976036071777344,40.763969421386719,2,13.5,0,0.5,0,0,0.3,14.3)
(1,2015-01-10 19:12:21,2015-01-10 19:46:08,1,16.4,-73.977096557617187,40.763172149658203,2,N,-73.79071044921875,40.644275665283203,1,52,0,0.5,10,0,0.3,62.8)
(2,2015-01-25 00:13:04,2015-01-25 00:13:18,1,0.02,-73.99481201171875,40.727741241455078,1,N,-73.996940612792969,40.725559234619141,2,2.5,0.5,0.5,0,0,0.3,3.8)
(2,2015-01-25 00:13:05,2015-01-25 00:29:11,1,1.73,-73.985939025878906,40.726764678955078,1,N,-74.006546020507813,40.737865447998047,2,11,0.5,0.5,0,0,0.3,12.3)
(2,2015-01-25 00:13:05,2015-01-25 00:25:43,1,2.25,-73.979988098144531,40.743274688720703,1,N,-74.008087158203125,40.739055633544922,1,10.5,0.5,0.5,2.36,0,0.3,14.16)
(2,2015-01-25 00:13:05,2015-01-25 00:25:50,1,3.53,-73.988967895507813,40.7216796875,1,N,-73.978729248046875,40.762470245361328,2,12.5,0.5,0.5,0,0,0.3,13.8)
(2,2015-01-25 00:13:06,2015-01-25 00:23:26,1,2.01,-73.948684692382812,40.782360076904297,1,N,-73.957084655761719,40.801990509033203,1,9.5,0.5,0.5,2.16,0,0.3,12.96)
(2,2015-01-25 00:13:06,2015-01-25 00:24:51,1,3.37,-73.945510864257813,40.773723602294922,1,N,-73.987434387207031,40.755706787109375,1,12.5,0.5,0.5,0,0,0.3,13.8)
(2,2015-01-25 00:13:06,2015-01-25 00:22:20,1,1.35,-73.933944702148438,40.762851715087891,1,N,-73.917022705078125,40.770946502685547,1,8,0.5,0.5,0.7,0,0.3,10.0)
(2,2015-01-25 00:13:06,2015-01-25 00:18:30,1,1.18,-73.983024597167969,40.767818450927734,1,N,-73.968307495117188,40.763149261474609,1,6,0.5,0.5,1.8,0,0.3,9.1)
(2,2015-01-25 00:13:06,2015-01-25 00:21:15,5,2.05,-73.990959167480469,40.734821319580078,1,N,-73.990730285644531,40.75537109375,1,8.5,0.5,0.5,1.96,0,0.3,11.76)
(2,2015-01-25 00:13:06,2015-01-25 00:34:32,1,3.05,-73.99163818359375,40.727088928222656,1,N,-73.951713562011719,40.714778900146484,1,16.5,0.5,0.5,5.34,0,0.3,23.14)
(2,2015-01-25 00:13:07,2015-01-25 00:27:08,4,3.06,-73.992637634277344,40.723793029785156,1,N,-73.96405029296875,40.756866455078125,1,12.5,0.5,0.5,2.76,0,0.3,16.56)
(2,2015-01-25 00:13:07,2015-01-25 00:15:39,1,0.49,-73.986160278320312,40.75994873046875,1,N,-73.983604431152344,40.763938903808594,2,4,0.5,0.5,0,0,0.3,5.3)
(2,2015-01-25 00:13:07,2015-01-25 00:24:59,1,2.6,-73.948478698730469,40.782478332519531,1,N,-73.971534729003906,40.800338745117187,1,11,0.5,0.5,1.5,0,0.3,13.8)
(2,2015-01-25 00:13:07,2015-01-25 00:41:19,1,6.17,-74.001632690429687,40.740936279296875,1,N,-73.919807434082031,40.743080139160156,1,24,0.5,0.5,2.7,0,0.3,28.0)
(2,2015-01-25 00:13:08,2015-01-25 00:34:57,1,3.72,-73.975341796875,40.789878845214844,1,N,-74.005043029785156,40.741191864013672,1,16.5,0.5,0.5,3.56,0,0.3,21.36)
(2,2015-01-25 00:13:08,2015-01-25 00:18:57,1,1.1,-73.979881286621094,40.746246337890625,1,N,-73.987663269042969,40.732673645019531,2,6,0.5,0.5,0,0,0.3,7.3)
(2,2015-01-25 00:13:09,2015-01-25 00:21:38,2,2.63,-73.992828369140625,40.701484680175781,1,N,-73.992904663085938,40.719978332519531,1,10.5,0.5,0.5,2.36,0,0.3,14.16)
(2,2015-01-25 00:13:09,2015-01-25 00:22:51,2,2.22,-73.992530822753906,40.724460601806641,1,N,-74.010894775390625,40.703266143798828,1,9.5,0.5,0.5,2.7,0,0.3,13.5)
(2,2015-01-25 00:13:09,2015-01-25 00:20:30,1,1.79,-73.9556884765625,40.772468566894531,1,N,-73.974380493164063,40.756671905517578,1,8,0.5,0.5,2.79,0,0.3,12.09)
(2,2015-01-25 00:13:09,2015-01-25 00:24:28,1,1.14,-73.993110656738281,40.724288940429687,1,N,-74.0009765625,40.735221862792969,1,8.5,0.5,0.5,1.96,0,0.3,11.76)
(2,2015-01-25 00:13:09,2015-01-25 01:02:40,1,10.2,-73.997611999511719,40.762241363525391,1,N,-73.908576965332031,40.690048217773437,2,39,0.5,0.5,0,0,0.3,40.3)
(2,2015-01-04 13:44:51,2015-01-04 13:53:27,5,1.48,-73.986351013183594,40.759376525878906,1,N,-73.996246337890625,40.746711730957031,1,7.5,0,0.5,1.5,0,0.3,9.8)
(2,2015-01-04 13:44:51,2015-01-04 13:45:03,1,0.03,-73.944511413574219,40.794567108154297,1,N,-73.9447021484375,40.794334411621094,2,2.5,0,0.5,0,0,0.3,3.3)
(1,2015-01-04 13:44:52,2015-01-04 13:56:49,1,2.5,0,0,1,N,0,0,1,11,0,0.5,2.35,0,0,14.15)
(2,2015-01-04 13:44:52,2015-01-04 13:46:38,1,0.36,-73.991249084472656,40.765460968017578,1,N,-73.987533569335938,40.768409729003906,2,3.5,0,0.5,0,0,0.3,4.3)
(2,2015-01-04 13:44:52,2015-01-04 13:56:58,3,3.14,-73.977943420410156,40.684871673583984,1,N,-73.996490478515625,40.725509643554688,1,12.5,0,0.5,2.5,0,0.3,15.8)
(2,2015-01-04 13:44:52,2015-01-04 13:53:17,1,1.14,-73.990951538085938,40.750808715820312,1,N,-73.979408264160156,40.741260528564453,1,7,0,0.5,1.4,0,0.3,9.2)
(2,2015-01-04 13:44:52,2015-01-04 14:04:23,1,8.98,-73.871002197265625,40.773792266845703,1,N,-73.96136474609375,40.770042419433594,1,27,0,0.5,0,5.33,0.3,33.13)
(2,2015-01-04 13:44:52,2015-01-04 13:49:03,1,0.85,0,0,1,N,0,0,2,5.5,0,0.5,0,0,0.3,6.3)
(1,2015-01-04 13:44:53,2015-01-04 13:49:40,2,0.7,-73.994735717773437,40.740093231201172,1,N,-73.998313903808594,40.736244201660156,2,5,0,0.5,0,0,0,5.8)
(1,2015-01-04 13:44:53,2015-01-04 13:51:53,3,1.5,-74.014205932617187,40.712089538574219,1,N,-74.0010986328125,40.724128723144531,2,7.5,0,0.5,0,0,0,8.3)
(2,2015-01-04 13:44:53,2015-01-04 13:55:07,2,1.26,-73.97955322265625,40.766265869140625,1,N,-73.983383178710938,40.755313873291016,2,8.5,0,0.5,0,0,0.3,9.3)
(2,2015-01-04 13:44:53,2015-01-04 13:51:26,1,1.56,-73.957786560058594,40.774585723876953,1,N,-73.972236633300781,40.756885528564453,1,7,0,0.5,1,0,0.3,8.8)
2024-04-16 14:01:59,674 [main] INFO  org.apache.pig.tools.pigstats.ScriptState - Pig features used in the script: FILTER
2024-04-16 14:01:59,684 [main] INFO  org.apache.pig.data.SchemaTupleBackend - Key [pig.schematuple] was not set... will not generate code.
2024-04-16 14:01:59,685 [main] INFO  org.apache.pig.newplan.logical.optimizer.LogicalPlanOptimizer - {RULES_ENABLED=[AddForEach, ColumnMapKeyPrune, ConstantCalculator, GroupByConstParallelSetter, LimitOptimizer, LoadTypeCastInserter, MergeFilter, MergeForEach, NestedLimitOptimizer, PartitionFilterOptimizer, PredicatePushdownOptimizer, PushDownForEachFlatten, PushUpFilter, SplitFilter, StreamTypeCastInserter]}
2024-04-16 14:01:59,689 [main] INFO  org.apache.pig.newplan.logical.rules.ColumnPruneVisitor - Columns pruned for TRIP: $1, $2, $3, $5, $6, $7, $8, $9, $10, $11, $12, $13, $14, $15, $16, $17
2024-04-16 14:01:59,693 [main] INFO  org.apache.pig.backend.hadoop.executionengine.mapReduceLayer.MRCompiler - File concatenation threshold: 100 optimistic? false
2024-04-16 14:01:59,694 [main] INFO  org.apache.pig.backend.hadoop.executionengine.mapReduceLayer.MultiQueryOptimizer - MR plan size before optimization: 1
2024-04-16 14:01:59,694 [main] INFO  org.apache.pig.backend.hadoop.executionengine.mapReduceLayer.MultiQueryOptimizer - MR plan size after optimization: 1
2024-04-16 14:01:59,702 [main] WARN  org.apache.hadoop.metrics2.impl.MetricsSystemImpl - JobTracker metrics system already initialized!
2024-04-16 14:01:59,703 [main] INFO  org.apache.pig.tools.pigstats.mapreduce.MRScriptState - Pig script settings are added to the job
2024-04-16 14:01:59,704 [main] INFO  org.apache.pig.backend.hadoop.executionengine.mapReduceLayer.JobControlCompiler - mapred.job.reduce.markreset.buffer.percent is not set, set to default 0.3
2024-04-16 14:01:59,705 [main] INFO  org.apache.pig.backend.hadoop.executionengine.mapReduceLayer.JobControlCompiler - Setting up single store job
2024-04-16 14:01:59,706 [main] INFO  org.apache.pig.data.SchemaTupleFrontend - Key [pig.schematuple] is false, will not generate code.
2024-04-16 14:01:59,706 [main] INFO  org.apache.pig.data.SchemaTupleFrontend - Starting process to move generated code to distributed cacche
2024-04-16 14:01:59,706 [main] INFO  org.apache.pig.data.SchemaTupleFrontend - Distributed cache not supported or needed in local mode. Setting key [pig.schematuple.local.dir] with code temp directory: /tmp/1713301319706-0
2024-04-16 14:01:59,723 [main] INFO  org.apache.pig.backend.hadoop.executionengine.mapReduceLayer.MapReduceLauncher - 1 map-reduce job(s) waiting for submission.
2024-04-16 14:01:59,726 [JobControl] WARN  org.apache.hadoop.metrics2.impl.MetricsSystemImpl - JobTracker metrics system already initialized!
2024-04-16 14:01:59,731 [JobControl] WARN  org.apache.hadoop.mapreduce.JobResourceUploader - No job jar file set.  User classes may not be found. See Job or Job#setJar(String).
2024-04-16 14:01:59,733 [JobControl] INFO  org.apache.pig.builtin.PigStorage - Using PigTextInputFormat
2024-04-16 14:01:59,734 [JobControl] INFO  org.apache.hadoop.mapreduce.lib.input.FileInputFormat - Total input files to process : 1
2024-04-16 14:01:59,734 [JobControl] INFO  org.apache.pig.backend.hadoop.executionengine.util.MapRedUtil - Total input paths to process : 1
2024-04-16 14:01:59,735 [JobControl] INFO  org.apache.pig.backend.hadoop.executionengine.util.MapRedUtil - Total input paths (combined) to process : 1
2024-04-16 14:01:59,736 [JobControl] INFO  org.apache.hadoop.mapreduce.JobSubmitter - number of splits:1
2024-04-16 14:01:59,752 [JobControl] INFO  org.apache.hadoop.mapreduce.JobSubmitter - Submitting tokens for job: job_local1255148356_0002
2024-04-16 14:01:59,752 [JobControl] INFO  org.apache.hadoop.mapreduce.JobSubmitter - Executing with tokens: []
2024-04-16 14:01:59,766 [JobControl] WARN  org.apache.hadoop.conf.Configuration - file:/tmp/hadoop/mapred/staging/pnisal1255148356/.staging/job_local1255148356_0002/job.xml:an attempt to override final parameter: yarn.resourcemanager.hostname;  Ignoring.
2024-04-16 14:01:59,805 [JobControl] INFO  org.apache.hadoop.mapreduce.Job - The url to track the job: http://localhost:8080/
2024-04-16 14:01:59,805 [Thread-8] INFO  org.apache.hadoop.mapred.LocalJobRunner - OutputCommitter set in config null
2024-04-16 14:01:59,811 [Thread-8] INFO  org.apache.hadoop.conf.Configuration.deprecation - mapred.job.tracker is deprecated. Instead, use mapreduce.jobtracker.address
2024-04-16 14:01:59,811 [Thread-8] INFO  org.apache.hadoop.conf.Configuration.deprecation - mapred.job.reduce.markreset.buffer.percent is deprecated. Instead, use mapreduce.reduce.markreset.buffer.percent
2024-04-16 14:01:59,811 [Thread-8] INFO  org.apache.hadoop.mapreduce.lib.output.FileOutputCommitter - File Output Committer Algorithm version is 2
2024-04-16 14:01:59,811 [Thread-8] INFO  org.apache.hadoop.mapreduce.lib.output.FileOutputCommitter - FileOutputCommitter skip cleanup _temporary folders under output directory:false, ignore cleanup failures: false
2024-04-16 14:01:59,811 [Thread-8] INFO  org.apache.hadoop.mapred.LocalJobRunner - OutputCommitter is org.apache.pig.backend.hadoop.executionengine.mapReduceLayer.PigOutputCommitter
2024-04-16 14:01:59,815 [Thread-8] INFO  org.apache.hadoop.mapred.LocalJobRunner - Waiting for map tasks
2024-04-16 14:01:59,815 [LocalJobRunner Map Task Executor #0] INFO  org.apache.hadoop.mapred.LocalJobRunner - Starting task: attempt_local1255148356_0002_m_000000_0
2024-04-16 14:01:59,822 [LocalJobRunner Map Task Executor #0] INFO  org.apache.hadoop.mapreduce.lib.output.FileOutputCommitter - File Output Committer Algorithm version is 2
2024-04-16 14:01:59,822 [LocalJobRunner Map Task Executor #0] INFO  org.apache.hadoop.mapreduce.lib.output.FileOutputCommitter - FileOutputCommitter skip cleanup _temporary folders under output directory:false, ignore cleanup failures: false
2024-04-16 14:01:59,824 [LocalJobRunner Map Task Executor #0] INFO  org.apache.hadoop.mapred.Task -  Using ResourceCalculatorProcessTree : [ ]
2024-04-16 14:01:59,825 [LocalJobRunner Map Task Executor #0] INFO  org.apache.hadoop.mapred.MapTask - Processing split: Number of splits :1
Total Length = 11199
Input split[0]:
   Length = 11199
   ClassName: org.apache.hadoop.mapreduce.lib.input.FileSplit
   Locations:

-----------------------

2024-04-16 14:01:59,828 [LocalJobRunner Map Task Executor #0] INFO  org.apache.pig.builtin.PigStorage - Using PigTextInputFormat
2024-04-16 14:01:59,828 [LocalJobRunner Map Task Executor #0] INFO  org.apache.pig.backend.hadoop.executionengine.mapReduceLayer.PigRecordReader - Current split being processed file:/home/pnisal/project6/tripdata-small.csv:0+11199
2024-04-16 14:01:59,830 [LocalJobRunner Map Task Executor #0] INFO  org.apache.hadoop.mapreduce.lib.output.FileOutputCommitter - File Output Committer Algorithm version is 2
2024-04-16 14:01:59,830 [LocalJobRunner Map Task Executor #0] INFO  org.apache.hadoop.mapreduce.lib.output.FileOutputCommitter - FileOutputCommitter skip cleanup _temporary folders under output directory:false, ignore cleanup failures: false
2024-04-16 14:01:59,832 [LocalJobRunner Map Task Executor #0] INFO  org.apache.pig.impl.util.SpillableMemoryManager - Selected heap (G1 Old Gen) of size 1048576000 to monitor. collectionUsageThreshold = 734003200, usageThreshold = 734003200
2024-04-16 14:01:59,832 [LocalJobRunner Map Task Executor #0] INFO  org.apache.pig.data.SchemaTupleBackend - Key [pig.schematuple] was not set... will not generate code.
2024-04-16 14:01:59,836 [LocalJobRunner Map Task Executor #0] INFO  org.apache.pig.backend.hadoop.executionengine.mapReduceLayer.PigMapOnly$Map - Aliases being processed per job phase (AliasName[line,offset]): M: TRIP[1,7],TRIP[-1,-1],TRIP[3,7],PARSED_DATA[4,14],PARSED_DATA[5,14] C:  R: 
2024-04-16 14:01:59,859 [LocalJobRunner Map Task Executor #0] INFO  org.apache.hadoop.mapred.LocalJobRunner - 
2024-04-16 14:01:59,859 [LocalJobRunner Map Task Executor #0] INFO  org.apache.hadoop.mapred.Task - Task:attempt_local1255148356_0002_m_000000_0 is done. And is in the process of committing
2024-04-16 14:01:59,862 [LocalJobRunner Map Task Executor #0] INFO  org.apache.hadoop.mapred.LocalJobRunner - 
2024-04-16 14:01:59,862 [LocalJobRunner Map Task Executor #0] INFO  org.apache.hadoop.mapred.Task - Task attempt_local1255148356_0002_m_000000_0 is allowed to commit now
2024-04-16 14:01:59,864 [LocalJobRunner Map Task Executor #0] INFO  org.apache.hadoop.mapreduce.lib.output.FileOutputCommitter - Saved output of task 'attempt_local1255148356_0002_m_000000_0' to file:/tmp/temp-1515022234/tmp869520669
2024-04-16 14:01:59,864 [LocalJobRunner Map Task Executor #0] INFO  org.apache.hadoop.mapred.LocalJobRunner - map
2024-04-16 14:01:59,865 [LocalJobRunner Map Task Executor #0] INFO  org.apache.hadoop.mapred.Task - Task 'attempt_local1255148356_0002_m_000000_0' done.
2024-04-16 14:01:59,865 [LocalJobRunner Map Task Executor #0] INFO  org.apache.hadoop.mapred.Task - Final Counters for attempt_local1255148356_0002_m_000000_0: Counters: 16
	File System Counters
		FILE: Number of bytes read=37958
		FILE: Number of bytes written=1089794
		FILE: Number of read operations=0
		FILE: Number of large read operations=0
		FILE: Number of write operations=0
	Map-Reduce Framework
		Map input records=72
		Map output records=71
		Input split bytes=372
		Spilled Records=0
		Failed Shuffles=0
		Merged Map outputs=0
		GC time elapsed (ms)=0
		Total committed heap usage (bytes)=1048576000
	File Input Format Counters 
		Bytes Read=0
	File Output Format Counters 
		Bytes Written=0
	org.apache.pig.PigWarning
		FIELD_DISCARDED_TYPE_CONVERSION_FAILED=2
2024-04-16 14:01:59,865 [LocalJobRunner Map Task Executor #0] INFO  org.apache.hadoop.mapred.LocalJobRunner - Finishing task: attempt_local1255148356_0002_m_000000_0
2024-04-16 14:01:59,865 [Thread-8] INFO  org.apache.hadoop.mapred.LocalJobRunner - map task executor complete.
2024-04-16 14:02:00,005 [main] INFO  org.apache.pig.backend.hadoop.executionengine.mapReduceLayer.MapReduceLauncher - HadoopJobId: job_local1255148356_0002
2024-04-16 14:02:00,005 [main] INFO  org.apache.pig.backend.hadoop.executionengine.mapReduceLayer.MapReduceLauncher - Processing aliases PARSED_DATA,TRIP
2024-04-16 14:02:00,006 [main] INFO  org.apache.pig.backend.hadoop.executionengine.mapReduceLayer.MapReduceLauncher - detailed locations: M: TRIP[1,7],TRIP[-1,-1],TRIP[3,7],PARSED_DATA[4,14],PARSED_DATA[5,14] C:  R: 
2024-04-16 14:02:00,009 [main] WARN  org.apache.hadoop.metrics2.impl.MetricsSystemImpl - JobTracker metrics system already initialized!
2024-04-16 14:02:00,010 [main] WARN  org.apache.hadoop.metrics2.impl.MetricsSystemImpl - JobTracker metrics system already initialized!
2024-04-16 14:02:00,011 [main] WARN  org.apache.hadoop.metrics2.impl.MetricsSystemImpl - JobTracker metrics system already initialized!
2024-04-16 14:02:00,014 [main] INFO  org.apache.pig.backend.hadoop.executionengine.mapReduceLayer.MapReduceLauncher - 100% complete
2024-04-16 14:02:00,014 [main] INFO  org.apache.pig.tools.pigstats.mapreduce.SimplePigStats - Script Statistics: 

HadoopVersion	PigVersion	UserId	StartedAt	FinishedAt	Features
3.2.2	0.17.0	pnisal	2024-04-16 14:01:59	2024-04-16 14:02:00	FILTER

Success!

Job Stats (time in seconds):
JobId	Maps	Reduces	MaxMapTime	MinMapTime	AvgMapTime	MedianMapTime	MaxReduceTime	MinReduceTime	AvgReduceTime	MedianReducetime	Alias	Feature	Outputs
job_local1255148356_0002	1	0	n/a	n/a	n/a	n/a	0	0	0	0	PARSED_DATA,TRIP	MAP_ONLY	file:/tmp/temp-1515022234/tmp869520669,

Input(s):
Successfully read 72 records from: "file:///home/pnisal/project6/tripdata-small.csv"

Output(s):
Successfully stored 71 records in: "file:/tmp/temp-1515022234/tmp869520669"

Counters:
Total records written : 71
Total bytes written : 0
Spillable Memory Manager spill count : 0
Total bags proactively spilled: 0
Total records proactively spilled: 0

Job DAG:
job_local1255148356_0002


2024-04-16 14:02:00,015 [main] WARN  org.apache.hadoop.metrics2.impl.MetricsSystemImpl - JobTracker metrics system already initialized!
2024-04-16 14:02:00,017 [main] WARN  org.apache.hadoop.metrics2.impl.MetricsSystemImpl - JobTracker metrics system already initialized!
2024-04-16 14:02:00,018 [main] WARN  org.apache.hadoop.metrics2.impl.MetricsSystemImpl - JobTracker metrics system already initialized!
2024-04-16 14:02:00,020 [main] WARN  org.apache.pig.backend.hadoop.executionengine.mapReduceLayer.MapReduceLauncher - Encountered Warning FIELD_DISCARDED_TYPE_CONVERSION_FAILED 2 time(s).
2024-04-16 14:02:00,020 [main] INFO  org.apache.pig.backend.hadoop.executionengine.mapReduceLayer.MapReduceLauncher - Success!
2024-04-16 14:02:00,021 [main] WARN  org.apache.pig.data.SchemaTupleBackend - SchemaTupleBackend has already been initialized
2024-04-16 14:02:00,023 [main] INFO  org.apache.hadoop.mapreduce.lib.input.FileInputFormat - Total input files to process : 1
2024-04-16 14:02:00,023 [main] INFO  org.apache.pig.backend.hadoop.executionengine.util.MapRedUtil - Total input paths to process : 1
2024-04-16 14:02:00,044 [main] INFO  org.apache.pig.tools.pigstats.ScriptState - Pig features used in the script: GROUP_BY,FILTER
2024-04-16 14:02:00,053 [main] INFO  org.apache.pig.data.SchemaTupleBackend - Key [pig.schematuple] was not set... will not generate code.
2024-04-16 14:02:00,054 [main] INFO  org.apache.pig.newplan.logical.optimizer.LogicalPlanOptimizer - {RULES_ENABLED=[AddForEach, ColumnMapKeyPrune, ConstantCalculator, GroupByConstParallelSetter, LimitOptimizer, LoadTypeCastInserter, MergeFilter, MergeForEach, NestedLimitOptimizer, PartitionFilterOptimizer, PredicatePushdownOptimizer, PushDownForEachFlatten, PushUpFilter, SplitFilter, StreamTypeCastInserter]}
2024-04-16 14:02:00,056 [main] INFO  org.apache.pig.newplan.logical.rules.ColumnPruneVisitor - Columns pruned for TRIP: $1, $2, $3, $5, $6, $7, $8, $9, $10, $11, $12, $13, $14, $15, $16, $17
2024-04-16 14:02:00,059 [main] INFO  org.apache.pig.backend.hadoop.executionengine.mapReduceLayer.MRCompiler - File concatenation threshold: 100 optimistic? false
2024-04-16 14:02:00,062 [main] INFO  org.apache.pig.backend.hadoop.executionengine.mapReduceLayer.MultiQueryOptimizer - MR plan size before optimization: 1
2024-04-16 14:02:00,062 [main] INFO  org.apache.pig.backend.hadoop.executionengine.mapReduceLayer.MultiQueryOptimizer - MR plan size after optimization: 1
2024-04-16 14:02:00,071 [main] WARN  org.apache.hadoop.metrics2.impl.MetricsSystemImpl - JobTracker metrics system already initialized!
2024-04-16 14:02:00,072 [main] INFO  org.apache.pig.tools.pigstats.mapreduce.MRScriptState - Pig script settings are added to the job
2024-04-16 14:02:00,073 [main] INFO  org.apache.pig.backend.hadoop.executionengine.mapReduceLayer.JobControlCompiler - mapred.job.reduce.markreset.buffer.percent is not set, set to default 0.3
2024-04-16 14:02:00,073 [main] INFO  org.apache.pig.backend.hadoop.executionengine.mapReduceLayer.JobControlCompiler - Reduce phase detected, estimating # of required reducers.
2024-04-16 14:02:00,074 [main] INFO  org.apache.pig.backend.hadoop.executionengine.mapReduceLayer.JobControlCompiler - Using reducer estimator: org.apache.pig.backend.hadoop.executionengine.mapReduceLayer.InputSizeReducerEstimator
2024-04-16 14:02:00,075 [main] INFO  org.apache.pig.backend.hadoop.executionengine.mapReduceLayer.InputSizeReducerEstimator - BytesPerReducer=1000000000 maxReducers=999 totalInputFileSize=11199
2024-04-16 14:02:00,075 [main] INFO  org.apache.pig.backend.hadoop.executionengine.mapReduceLayer.JobControlCompiler - Setting Parallelism to 1
2024-04-16 14:02:00,076 [main] INFO  org.apache.pig.backend.hadoop.executionengine.mapReduceLayer.JobControlCompiler - Setting up single store job
2024-04-16 14:02:00,077 [main] INFO  org.apache.pig.data.SchemaTupleFrontend - Key [pig.schematuple] is false, will not generate code.
2024-04-16 14:02:00,077 [main] INFO  org.apache.pig.data.SchemaTupleFrontend - Starting process to move generated code to distributed cacche
2024-04-16 14:02:00,077 [main] INFO  org.apache.pig.data.SchemaTupleFrontend - Distributed cache not supported or needed in local mode. Setting key [pig.schematuple.local.dir] with code temp directory: /tmp/1713301320077-0
2024-04-16 14:02:00,099 [main] INFO  org.apache.pig.backend.hadoop.executionengine.mapReduceLayer.MapReduceLauncher - 1 map-reduce job(s) waiting for submission.
2024-04-16 14:02:00,101 [JobControl] WARN  org.apache.hadoop.metrics2.impl.MetricsSystemImpl - JobTracker metrics system already initialized!
2024-04-16 14:02:00,105 [JobControl] WARN  org.apache.hadoop.mapreduce.JobResourceUploader - No job jar file set.  User classes may not be found. See Job or Job#setJar(String).
2024-04-16 14:02:00,106 [JobControl] INFO  org.apache.pig.builtin.PigStorage - Using PigTextInputFormat
2024-04-16 14:02:00,107 [JobControl] INFO  org.apache.hadoop.mapreduce.lib.input.FileInputFormat - Total input files to process : 1
2024-04-16 14:02:00,107 [JobControl] INFO  org.apache.pig.backend.hadoop.executionengine.util.MapRedUtil - Total input paths to process : 1
2024-04-16 14:02:00,107 [JobControl] INFO  org.apache.pig.backend.hadoop.executionengine.util.MapRedUtil - Total input paths (combined) to process : 1
2024-04-16 14:02:00,109 [JobControl] INFO  org.apache.hadoop.mapreduce.JobSubmitter - number of splits:1
2024-04-16 14:02:00,121 [JobControl] INFO  org.apache.hadoop.mapreduce.JobSubmitter - Submitting tokens for job: job_local1873479860_0003
2024-04-16 14:02:00,121 [JobControl] INFO  org.apache.hadoop.mapreduce.JobSubmitter - Executing with tokens: []
2024-04-16 14:02:00,132 [JobControl] WARN  org.apache.hadoop.conf.Configuration - file:/tmp/hadoop/mapred/staging/pnisal1873479860/.staging/job_local1873479860_0003/job.xml:an attempt to override final parameter: yarn.resourcemanager.hostname;  Ignoring.
2024-04-16 14:02:00,163 [JobControl] INFO  org.apache.hadoop.mapreduce.Job - The url to track the job: http://localhost:8080/
2024-04-16 14:02:00,163 [Thread-9] INFO  org.apache.hadoop.mapred.LocalJobRunner - OutputCommitter set in config null
2024-04-16 14:02:00,167 [Thread-9] INFO  org.apache.hadoop.conf.Configuration.deprecation - mapred.reduce.tasks is deprecated. Instead, use mapreduce.job.reduces
2024-04-16 14:02:00,167 [Thread-9] INFO  org.apache.hadoop.conf.Configuration.deprecation - mapred.job.tracker is deprecated. Instead, use mapreduce.jobtracker.address
2024-04-16 14:02:00,167 [Thread-9] INFO  org.apache.hadoop.conf.Configuration.deprecation - mapred.job.reduce.markreset.buffer.percent is deprecated. Instead, use mapreduce.reduce.markreset.buffer.percent
2024-04-16 14:02:00,167 [Thread-9] INFO  org.apache.hadoop.mapreduce.lib.output.FileOutputCommitter - File Output Committer Algorithm version is 2
2024-04-16 14:02:00,167 [Thread-9] INFO  org.apache.hadoop.mapreduce.lib.output.FileOutputCommitter - FileOutputCommitter skip cleanup _temporary folders under output directory:false, ignore cleanup failures: false
2024-04-16 14:02:00,168 [Thread-9] INFO  org.apache.hadoop.mapred.LocalJobRunner - OutputCommitter is org.apache.pig.backend.hadoop.executionengine.mapReduceLayer.PigOutputCommitter
2024-04-16 14:02:00,171 [Thread-9] INFO  org.apache.hadoop.mapred.LocalJobRunner - Waiting for map tasks
2024-04-16 14:02:00,171 [LocalJobRunner Map Task Executor #0] INFO  org.apache.hadoop.mapred.LocalJobRunner - Starting task: attempt_local1873479860_0003_m_000000_0
2024-04-16 14:02:00,178 [LocalJobRunner Map Task Executor #0] INFO  org.apache.hadoop.mapreduce.lib.output.FileOutputCommitter - File Output Committer Algorithm version is 2
2024-04-16 14:02:00,178 [LocalJobRunner Map Task Executor #0] INFO  org.apache.hadoop.mapreduce.lib.output.FileOutputCommitter - FileOutputCommitter skip cleanup _temporary folders under output directory:false, ignore cleanup failures: false
2024-04-16 14:02:00,178 [LocalJobRunner Map Task Executor #0] INFO  org.apache.hadoop.mapred.Task -  Using ResourceCalculatorProcessTree : [ ]
2024-04-16 14:02:00,179 [LocalJobRunner Map Task Executor #0] INFO  org.apache.hadoop.mapred.MapTask - Processing split: Number of splits :1
Total Length = 11199
Input split[0]:
   Length = 11199
   ClassName: org.apache.hadoop.mapreduce.lib.input.FileSplit
   Locations:

-----------------------

2024-04-16 14:02:00,181 [LocalJobRunner Map Task Executor #0] INFO  org.apache.pig.builtin.PigStorage - Using PigTextInputFormat
2024-04-16 14:02:00,182 [LocalJobRunner Map Task Executor #0] INFO  org.apache.pig.backend.hadoop.executionengine.mapReduceLayer.PigRecordReader - Current split being processed file:/home/pnisal/project6/tripdata-small.csv:0+11199
2024-04-16 14:02:00,198 [LocalJobRunner Map Task Executor #0] INFO  org.apache.hadoop.mapred.MapTask - (EQUATOR) 0 kvi 26214396(104857584)
2024-04-16 14:02:00,198 [LocalJobRunner Map Task Executor #0] INFO  org.apache.hadoop.mapred.MapTask - mapreduce.task.io.sort.mb: 100
2024-04-16 14:02:00,198 [LocalJobRunner Map Task Executor #0] INFO  org.apache.hadoop.mapred.MapTask - soft limit at 83886080
2024-04-16 14:02:00,198 [LocalJobRunner Map Task Executor #0] INFO  org.apache.hadoop.mapred.MapTask - bufstart = 0; bufvoid = 104857600
2024-04-16 14:02:00,198 [LocalJobRunner Map Task Executor #0] INFO  org.apache.hadoop.mapred.MapTask - kvstart = 26214396; length = 6553600
2024-04-16 14:02:00,200 [LocalJobRunner Map Task Executor #0] INFO  org.apache.hadoop.mapred.MapTask - Map output collector class = org.apache.hadoop.mapred.MapTask$MapOutputBuffer
2024-04-16 14:02:00,203 [LocalJobRunner Map Task Executor #0] INFO  org.apache.pig.impl.util.SpillableMemoryManager - Selected heap (G1 Old Gen) of size 1048576000 to monitor. collectionUsageThreshold = 734003200, usageThreshold = 734003200
2024-04-16 14:02:00,204 [LocalJobRunner Map Task Executor #0] INFO  org.apache.pig.data.SchemaTupleBackend - Key [pig.schematuple] was not set... will not generate code.
2024-04-16 14:02:00,206 [LocalJobRunner Map Task Executor #0] INFO  org.apache.pig.backend.hadoop.executionengine.mapReduceLayer.PigGenericMapReduce$Map - Aliases being processed per job phase (AliasName[line,offset]): M: TRIP[1,7],TRIP[-1,-1],TRIP[3,7],PARSED_DATA[4,14],PARSED_DATA[5,14],GROUPED_DATA[7,15] C:  R: 
2024-04-16 14:02:00,215 [LocalJobRunner Map Task Executor #0] INFO  org.apache.hadoop.mapred.LocalJobRunner - 
2024-04-16 14:02:00,216 [LocalJobRunner Map Task Executor #0] INFO  org.apache.hadoop.mapred.MapTask - Starting flush of map output
2024-04-16 14:02:00,216 [LocalJobRunner Map Task Executor #0] INFO  org.apache.hadoop.mapred.MapTask - Spilling map output
2024-04-16 14:02:00,216 [LocalJobRunner Map Task Executor #0] INFO  org.apache.hadoop.mapred.MapTask - bufstart = 0; bufend = 1278; bufvoid = 104857600
2024-04-16 14:02:00,216 [LocalJobRunner Map Task Executor #0] INFO  org.apache.hadoop.mapred.MapTask - kvstart = 26214396(104857584); kvend = 26214116(104856464); length = 281/6553600
2024-04-16 14:02:00,221 [LocalJobRunner Map Task Executor #0] INFO  org.apache.hadoop.mapred.MapTask - Finished spill 0
2024-04-16 14:02:00,222 [LocalJobRunner Map Task Executor #0] INFO  org.apache.hadoop.mapred.Task - Task:attempt_local1873479860_0003_m_000000_0 is done. And is in the process of committing
2024-04-16 14:02:00,223 [LocalJobRunner Map Task Executor #0] INFO  org.apache.hadoop.mapred.LocalJobRunner - map
2024-04-16 14:02:00,223 [LocalJobRunner Map Task Executor #0] INFO  org.apache.hadoop.mapred.Task - Task 'attempt_local1873479860_0003_m_000000_0' done.
2024-04-16 14:02:00,223 [LocalJobRunner Map Task Executor #0] INFO  org.apache.hadoop.mapred.Task - Final Counters for attempt_local1873479860_0003_m_000000_0: Counters: 18
	File System Counters
		FILE: Number of bytes read=50648
		FILE: Number of bytes written=1639825
		FILE: Number of read operations=0
		FILE: Number of large read operations=0
		FILE: Number of write operations=0
	Map-Reduce Framework
		Map input records=72
		Map output records=71
		Map output bytes=1278
		Map output materialized bytes=1426
		Input split bytes=372
		Combine input records=0
		Spilled Records=71
		Failed Shuffles=0
		Merged Map outputs=0
		GC time elapsed (ms)=0
		Total committed heap usage (bytes)=1048576000
	File Input Format Counters 
		Bytes Read=0
	org.apache.pig.PigWarning
		FIELD_DISCARDED_TYPE_CONVERSION_FAILED=2
2024-04-16 14:02:00,223 [LocalJobRunner Map Task Executor #0] INFO  org.apache.hadoop.mapred.LocalJobRunner - Finishing task: attempt_local1873479860_0003_m_000000_0
2024-04-16 14:02:00,223 [Thread-9] INFO  org.apache.hadoop.mapred.LocalJobRunner - map task executor complete.
2024-04-16 14:02:00,226 [Thread-9] INFO  org.apache.hadoop.mapred.LocalJobRunner - Waiting for reduce tasks
2024-04-16 14:02:00,226 [pool-8-thread-1] INFO  org.apache.hadoop.mapred.LocalJobRunner - Starting task: attempt_local1873479860_0003_r_000000_0
2024-04-16 14:02:00,234 [pool-8-thread-1] INFO  org.apache.hadoop.mapreduce.lib.output.FileOutputCommitter - File Output Committer Algorithm version is 2
2024-04-16 14:02:00,234 [pool-8-thread-1] INFO  org.apache.hadoop.mapreduce.lib.output.FileOutputCommitter - FileOutputCommitter skip cleanup _temporary folders under output directory:false, ignore cleanup failures: false
2024-04-16 14:02:00,236 [pool-8-thread-1] INFO  org.apache.hadoop.mapred.Task -  Using ResourceCalculatorProcessTree : [ ]
2024-04-16 14:02:00,237 [pool-8-thread-1] INFO  org.apache.hadoop.mapred.ReduceTask - Using ShuffleConsumerPlugin: org.apache.hadoop.mapreduce.task.reduce.Shuffle@3df501d2
2024-04-16 14:02:00,238 [pool-8-thread-1] WARN  org.apache.hadoop.metrics2.impl.MetricsSystemImpl - JobTracker metrics system already initialized!
2024-04-16 14:02:00,250 [pool-8-thread-1] INFO  org.apache.hadoop.mapreduce.task.reduce.MergeManagerImpl - MergerManager: memoryLimit=734003200, maxSingleShuffleLimit=183500800, mergeThreshold=484442144, ioSortFactor=10, memToMemMergeOutputsThreshold=10
2024-04-16 14:02:00,251 [EventFetcher for fetching Map Completion Events] INFO  org.apache.hadoop.mapreduce.task.reduce.EventFetcher - attempt_local1873479860_0003_r_000000_0 Thread started: EventFetcher for fetching Map Completion Events
2024-04-16 14:02:00,334 [localfetcher#1] INFO  org.apache.hadoop.mapreduce.task.reduce.LocalFetcher - localfetcher#1 about to shuffle output of map attempt_local1873479860_0003_m_000000_0 decomp: 1422 len: 1426 to MEMORY
2024-04-16 14:02:00,336 [localfetcher#1] INFO  org.apache.hadoop.mapreduce.task.reduce.InMemoryMapOutput - Read 1422 bytes from map-output for attempt_local1873479860_0003_m_000000_0
2024-04-16 14:02:00,337 [localfetcher#1] INFO  org.apache.hadoop.mapreduce.task.reduce.MergeManagerImpl - closeInMemoryFile -> map-output of size: 1422, inMemoryMapOutputs.size() -> 1, commitMemory -> 0, usedMemory ->1422
2024-04-16 14:02:00,338 [EventFetcher for fetching Map Completion Events] INFO  org.apache.hadoop.mapreduce.task.reduce.EventFetcher - EventFetcher is interrupted.. Returning
2024-04-16 14:02:00,339 [pool-8-thread-1] INFO  org.apache.hadoop.mapred.LocalJobRunner - 1 / 1 copied.
2024-04-16 14:02:00,339 [pool-8-thread-1] INFO  org.apache.hadoop.mapreduce.task.reduce.MergeManagerImpl - finalMerge called with 1 in-memory map-outputs and 0 on-disk map-outputs
2024-04-16 14:02:00,342 [pool-8-thread-1] INFO  org.apache.hadoop.mapred.Merger - Merging 1 sorted segments
2024-04-16 14:02:00,343 [pool-8-thread-1] INFO  org.apache.hadoop.mapred.Merger - Down to the last merge-pass, with 1 segments left of total size: 1414 bytes
2024-04-16 14:02:00,344 [pool-8-thread-1] INFO  org.apache.hadoop.mapreduce.task.reduce.MergeManagerImpl - Merged 1 segments, 1422 bytes to disk to satisfy reduce memory limit
2024-04-16 14:02:00,344 [pool-8-thread-1] INFO  org.apache.hadoop.mapreduce.task.reduce.MergeManagerImpl - Merging 1 files, 1426 bytes from disk
2024-04-16 14:02:00,344 [pool-8-thread-1] INFO  org.apache.hadoop.mapreduce.task.reduce.MergeManagerImpl - Merging 0 segments, 0 bytes from memory into reduce
2024-04-16 14:02:00,344 [pool-8-thread-1] INFO  org.apache.hadoop.mapred.Merger - Merging 1 sorted segments
2024-04-16 14:02:00,345 [pool-8-thread-1] INFO  org.apache.hadoop.mapred.Merger - Down to the last merge-pass, with 1 segments left of total size: 1414 bytes
2024-04-16 14:02:00,345 [pool-8-thread-1] INFO  org.apache.hadoop.mapred.LocalJobRunner - 1 / 1 copied.
2024-04-16 14:02:00,348 [pool-8-thread-1] INFO  org.apache.hadoop.mapreduce.lib.output.FileOutputCommitter - File Output Committer Algorithm version is 2
2024-04-16 14:02:00,349 [pool-8-thread-1] INFO  org.apache.hadoop.mapreduce.lib.output.FileOutputCommitter - FileOutputCommitter skip cleanup _temporary folders under output directory:false, ignore cleanup failures: false
2024-04-16 14:02:00,349 [pool-8-thread-1] INFO  org.apache.hadoop.conf.Configuration.deprecation - mapred.skip.on is deprecated. Instead, use mapreduce.job.skiprecords
2024-04-16 14:02:00,352 [pool-8-thread-1] INFO  org.apache.pig.impl.util.SpillableMemoryManager - Selected heap (G1 Old Gen) of size 1048576000 to monitor. collectionUsageThreshold = 734003200, usageThreshold = 734003200
2024-04-16 14:02:00,352 [pool-8-thread-1] WARN  org.apache.pig.data.SchemaTupleBackend - SchemaTupleBackend has already been initialized
2024-04-16 14:02:00,353 [pool-8-thread-1] INFO  org.apache.pig.backend.hadoop.executionengine.mapReduceLayer.PigMapReduce$Reduce - Aliases being processed per job phase (AliasName[line,offset]): M: TRIP[1,7],TRIP[-1,-1],TRIP[3,7],PARSED_DATA[4,14],PARSED_DATA[5,14],GROUPED_DATA[7,15] C:  R: 
2024-04-16 14:02:00,359 [pool-8-thread-1] INFO  org.apache.hadoop.mapred.Task - Task:attempt_local1873479860_0003_r_000000_0 is done. And is in the process of committing
2024-04-16 14:02:00,362 [pool-8-thread-1] INFO  org.apache.hadoop.mapred.LocalJobRunner - 1 / 1 copied.
2024-04-16 14:02:00,362 [pool-8-thread-1] INFO  org.apache.hadoop.mapred.Task - Task attempt_local1873479860_0003_r_000000_0 is allowed to commit now
2024-04-16 14:02:00,365 [pool-8-thread-1] INFO  org.apache.hadoop.mapreduce.lib.output.FileOutputCommitter - Saved output of task 'attempt_local1873479860_0003_r_000000_0' to file:/tmp/temp-1515022234/tmp1579661108
2024-04-16 14:02:00,365 [pool-8-thread-1] INFO  org.apache.hadoop.mapred.LocalJobRunner - reduce > reduce
2024-04-16 14:02:00,365 [pool-8-thread-1] INFO  org.apache.hadoop.mapred.Task - Task 'attempt_local1873479860_0003_r_000000_0' done.
2024-04-16 14:02:00,365 [pool-8-thread-1] INFO  org.apache.hadoop.mapred.Task - Final Counters for attempt_local1873479860_0003_r_000000_0: Counters: 24
	File System Counters
		FILE: Number of bytes read=53532
		FILE: Number of bytes written=1642195
		FILE: Number of read operations=0
		FILE: Number of large read operations=0
		FILE: Number of write operations=0
	Map-Reduce Framework
		Combine input records=0
		Combine output records=0
		Reduce input groups=13
		Reduce shuffle bytes=1426
		Reduce input records=71
		Reduce output records=13
		Spilled Records=71
		Shuffled Maps =1
		Failed Shuffles=0
		Merged Map outputs=1
		GC time elapsed (ms)=8
		Total committed heap usage (bytes)=1048576000
	Shuffle Errors
		BAD_ID=0
		CONNECTION=0
		IO_ERROR=0
		WRONG_LENGTH=0
		WRONG_MAP=0
		WRONG_REDUCE=0
	File Output Format Counters 
		Bytes Written=0
2024-04-16 14:02:00,366 [pool-8-thread-1] INFO  org.apache.hadoop.mapred.LocalJobRunner - Finishing task: attempt_local1873479860_0003_r_000000_0
2024-04-16 14:02:00,366 [Thread-9] INFO  org.apache.hadoop.mapred.LocalJobRunner - reduce task executor complete.
2024-04-16 14:02:00,564 [main] INFO  org.apache.pig.backend.hadoop.executionengine.mapReduceLayer.MapReduceLauncher - HadoopJobId: job_local1873479860_0003
2024-04-16 14:02:00,564 [main] INFO  org.apache.pig.backend.hadoop.executionengine.mapReduceLayer.MapReduceLauncher - Processing aliases GROUPED_DATA,PARSED_DATA,TRIP
2024-04-16 14:02:00,564 [main] INFO  org.apache.pig.backend.hadoop.executionengine.mapReduceLayer.MapReduceLauncher - detailed locations: M: TRIP[1,7],TRIP[-1,-1],TRIP[3,7],PARSED_DATA[4,14],PARSED_DATA[5,14],GROUPED_DATA[7,15] C:  R: 
2024-04-16 14:02:00,567 [main] WARN  org.apache.hadoop.metrics2.impl.MetricsSystemImpl - JobTracker metrics system already initialized!
2024-04-16 14:02:00,569 [main] WARN  org.apache.hadoop.metrics2.impl.MetricsSystemImpl - JobTracker metrics system already initialized!
2024-04-16 14:02:00,570 [main] WARN  org.apache.hadoop.metrics2.impl.MetricsSystemImpl - JobTracker metrics system already initialized!
2024-04-16 14:02:00,574 [main] INFO  org.apache.pig.backend.hadoop.executionengine.mapReduceLayer.MapReduceLauncher - 100% complete
2024-04-16 14:02:00,575 [main] INFO  org.apache.pig.tools.pigstats.mapreduce.SimplePigStats - Script Statistics: 

HadoopVersion	PigVersion	UserId	StartedAt	FinishedAt	Features
3.2.2	0.17.0	pnisal	2024-04-16 14:02:00	2024-04-16 14:02:00	GROUP_BY,FILTER

Success!

Job Stats (time in seconds):
JobId	Maps	Reduces	MaxMapTime	MinMapTime	AvgMapTime	MedianMapTime	MaxReduceTime	MinReduceTime	AvgReduceTime	MedianReducetime	Alias	Feature	Outputs
job_local1873479860_0003	1	1	n/a	n/a	n/a	n/a	n/a	n/a	n/a	n/a	GROUPED_DATA,PARSED_DATA,TRIP	GROUP_BY	file:/tmp/temp-1515022234/tmp1579661108,

Input(s):
Successfully read 72 records from: "file:///home/pnisal/project6/tripdata-small.csv"

Output(s):
Successfully stored 13 records in: "file:/tmp/temp-1515022234/tmp1579661108"

Counters:
Total records written : 13
Total bytes written : 0
Spillable Memory Manager spill count : 0
Total bags proactively spilled: 0
Total records proactively spilled: 0

Job DAG:
job_local1873479860_0003


2024-04-16 14:02:00,576 [main] WARN  org.apache.hadoop.metrics2.impl.MetricsSystemImpl - JobTracker metrics system already initialized!
2024-04-16 14:02:00,577 [main] WARN  org.apache.hadoop.metrics2.impl.MetricsSystemImpl - JobTracker metrics system already initialized!
2024-04-16 14:02:00,578 [main] WARN  org.apache.hadoop.metrics2.impl.MetricsSystemImpl - JobTracker metrics system already initialized!
2024-04-16 14:02:00,580 [main] WARN  org.apache.pig.backend.hadoop.executionengine.mapReduceLayer.MapReduceLauncher - Encountered Warning FIELD_DISCARDED_TYPE_CONVERSION_FAILED 2 time(s).
2024-04-16 14:02:00,580 [main] INFO  org.apache.pig.backend.hadoop.executionengine.mapReduceLayer.MapReduceLauncher - Success!
2024-04-16 14:02:00,581 [main] WARN  org.apache.pig.data.SchemaTupleBackend - SchemaTupleBackend has already been initialized
2024-04-16 14:02:00,583 [main] INFO  org.apache.hadoop.mapreduce.lib.input.FileInputFormat - Total input files to process : 1
2024-04-16 14:02:00,583 [main] INFO  org.apache.pig.backend.hadoop.executionengine.util.MapRedUtil - Total input paths to process : 1
2024-04-16 14:02:00,617 [main] WARN  org.apache.pig.newplan.BaseOperatorPlan - Encountered Warning IMPLICIT_CAST_TO_DOUBLE 1 time(s).
2024-04-16 14:02:00,619 [main] INFO  org.apache.pig.tools.pigstats.ScriptState - Pig features used in the script: GROUP_BY,FILTER
2024-04-16 14:02:00,628 [main] INFO  org.apache.pig.data.SchemaTupleBackend - Key [pig.schematuple] was not set... will not generate code.
2024-04-16 14:02:00,628 [main] INFO  org.apache.pig.newplan.logical.optimizer.LogicalPlanOptimizer - {RULES_ENABLED=[AddForEach, ColumnMapKeyPrune, ConstantCalculator, GroupByConstParallelSetter, LimitOptimizer, LoadTypeCastInserter, MergeFilter, MergeForEach, NestedLimitOptimizer, PartitionFilterOptimizer, PredicatePushdownOptimizer, PushDownForEachFlatten, PushUpFilter, SplitFilter, StreamTypeCastInserter]}
2024-04-16 14:02:00,630 [main] INFO  org.apache.pig.newplan.logical.rules.ColumnPruneVisitor - Columns pruned for TRIP: $1, $2, $3, $5, $6, $7, $8, $9, $10, $11, $12, $13, $14, $15, $16, $17
2024-04-16 14:02:00,632 [main] INFO  org.apache.pig.backend.hadoop.executionengine.mapReduceLayer.MRCompiler - File concatenation threshold: 100 optimistic? false
2024-04-16 14:02:00,633 [main] INFO  org.apache.pig.backend.hadoop.executionengine.util.CombinerOptimizerUtil - Choosing to move algebraic foreach to combiner
2024-04-16 14:02:00,645 [main] INFO  org.apache.pig.backend.hadoop.executionengine.mapReduceLayer.MultiQueryOptimizer - MR plan size before optimization: 1
2024-04-16 14:02:00,645 [main] INFO  org.apache.pig.backend.hadoop.executionengine.mapReduceLayer.MultiQueryOptimizer - MR plan size after optimization: 1
2024-04-16 14:02:00,655 [main] WARN  org.apache.hadoop.metrics2.impl.MetricsSystemImpl - JobTracker metrics system already initialized!
2024-04-16 14:02:00,658 [main] INFO  org.apache.pig.tools.pigstats.mapreduce.MRScriptState - Pig script settings are added to the job
2024-04-16 14:02:00,658 [main] INFO  org.apache.pig.backend.hadoop.executionengine.mapReduceLayer.JobControlCompiler - mapred.job.reduce.markreset.buffer.percent is not set, set to default 0.3
2024-04-16 14:02:00,659 [main] INFO  org.apache.pig.backend.hadoop.executionengine.mapReduceLayer.JobControlCompiler - Reduce phase detected, estimating # of required reducers.
2024-04-16 14:02:00,659 [main] INFO  org.apache.pig.backend.hadoop.executionengine.mapReduceLayer.JobControlCompiler - Using reducer estimator: org.apache.pig.backend.hadoop.executionengine.mapReduceLayer.InputSizeReducerEstimator
2024-04-16 14:02:00,660 [main] INFO  org.apache.pig.backend.hadoop.executionengine.mapReduceLayer.InputSizeReducerEstimator - BytesPerReducer=1000000000 maxReducers=999 totalInputFileSize=11199
2024-04-16 14:02:00,660 [main] INFO  org.apache.pig.backend.hadoop.executionengine.mapReduceLayer.JobControlCompiler - Setting Parallelism to 1
2024-04-16 14:02:00,661 [main] INFO  org.apache.pig.backend.hadoop.executionengine.mapReduceLayer.JobControlCompiler - Setting up single store job
2024-04-16 14:02:00,662 [main] INFO  org.apache.pig.data.SchemaTupleFrontend - Key [pig.schematuple] is false, will not generate code.
2024-04-16 14:02:00,662 [main] INFO  org.apache.pig.data.SchemaTupleFrontend - Starting process to move generated code to distributed cacche
2024-04-16 14:02:00,662 [main] INFO  org.apache.pig.data.SchemaTupleFrontend - Distributed cache not supported or needed in local mode. Setting key [pig.schematuple.local.dir] with code temp directory: /tmp/1713301320662-0
2024-04-16 14:02:00,674 [main] INFO  org.apache.pig.backend.hadoop.executionengine.mapReduceLayer.MapReduceLauncher - 1 map-reduce job(s) waiting for submission.
2024-04-16 14:02:00,677 [JobControl] WARN  org.apache.hadoop.metrics2.impl.MetricsSystemImpl - JobTracker metrics system already initialized!
2024-04-16 14:02:00,683 [JobControl] WARN  org.apache.hadoop.mapreduce.JobResourceUploader - No job jar file set.  User classes may not be found. See Job or Job#setJar(String).
2024-04-16 14:02:00,685 [JobControl] INFO  org.apache.pig.builtin.PigStorage - Using PigTextInputFormat
2024-04-16 14:02:00,685 [JobControl] INFO  org.apache.hadoop.mapreduce.lib.input.FileInputFormat - Total input files to process : 1
2024-04-16 14:02:00,685 [JobControl] INFO  org.apache.pig.backend.hadoop.executionengine.util.MapRedUtil - Total input paths to process : 1
2024-04-16 14:02:00,686 [JobControl] INFO  org.apache.pig.backend.hadoop.executionengine.util.MapRedUtil - Total input paths (combined) to process : 1
2024-04-16 14:02:00,687 [JobControl] INFO  org.apache.hadoop.mapreduce.JobSubmitter - number of splits:1
2024-04-16 14:02:00,693 [JobControl] INFO  org.apache.hadoop.mapreduce.JobSubmitter - Submitting tokens for job: job_local240199456_0004
2024-04-16 14:02:00,693 [JobControl] INFO  org.apache.hadoop.mapreduce.JobSubmitter - Executing with tokens: []
2024-04-16 14:02:00,704 [JobControl] WARN  org.apache.hadoop.conf.Configuration - file:/tmp/hadoop/mapred/staging/pnisal240199456/.staging/job_local240199456_0004/job.xml:an attempt to override final parameter: yarn.resourcemanager.hostname;  Ignoring.
2024-04-16 14:02:00,733 [JobControl] INFO  org.apache.hadoop.mapreduce.Job - The url to track the job: http://localhost:8080/
2024-04-16 14:02:00,733 [Thread-16] INFO  org.apache.hadoop.mapred.LocalJobRunner - OutputCommitter set in config null
2024-04-16 14:02:00,738 [Thread-16] INFO  org.apache.hadoop.conf.Configuration.deprecation - mapred.reduce.tasks is deprecated. Instead, use mapreduce.job.reduces
2024-04-16 14:02:00,738 [Thread-16] INFO  org.apache.hadoop.conf.Configuration.deprecation - mapred.job.tracker is deprecated. Instead, use mapreduce.jobtracker.address
2024-04-16 14:02:00,738 [Thread-16] INFO  org.apache.hadoop.conf.Configuration.deprecation - mapred.job.reduce.markreset.buffer.percent is deprecated. Instead, use mapreduce.reduce.markreset.buffer.percent
2024-04-16 14:02:00,738 [Thread-16] INFO  org.apache.hadoop.mapreduce.lib.output.FileOutputCommitter - File Output Committer Algorithm version is 2
2024-04-16 14:02:00,738 [Thread-16] INFO  org.apache.hadoop.mapreduce.lib.output.FileOutputCommitter - FileOutputCommitter skip cleanup _temporary folders under output directory:false, ignore cleanup failures: false
2024-04-16 14:02:00,738 [Thread-16] INFO  org.apache.hadoop.mapred.LocalJobRunner - OutputCommitter is org.apache.pig.backend.hadoop.executionengine.mapReduceLayer.PigOutputCommitter
2024-04-16 14:02:00,742 [Thread-16] INFO  org.apache.hadoop.mapred.LocalJobRunner - Waiting for map tasks
2024-04-16 14:02:00,742 [LocalJobRunner Map Task Executor #0] INFO  org.apache.hadoop.mapred.LocalJobRunner - Starting task: attempt_local240199456_0004_m_000000_0
2024-04-16 14:02:00,749 [LocalJobRunner Map Task Executor #0] INFO  org.apache.hadoop.mapreduce.lib.output.FileOutputCommitter - File Output Committer Algorithm version is 2
2024-04-16 14:02:00,749 [LocalJobRunner Map Task Executor #0] INFO  org.apache.hadoop.mapreduce.lib.output.FileOutputCommitter - FileOutputCommitter skip cleanup _temporary folders under output directory:false, ignore cleanup failures: false
2024-04-16 14:02:00,749 [LocalJobRunner Map Task Executor #0] INFO  org.apache.hadoop.mapred.Task -  Using ResourceCalculatorProcessTree : [ ]
2024-04-16 14:02:00,750 [LocalJobRunner Map Task Executor #0] INFO  org.apache.hadoop.mapred.MapTask - Processing split: Number of splits :1
Total Length = 11199
Input split[0]:
   Length = 11199
   ClassName: org.apache.hadoop.mapreduce.lib.input.FileSplit
   Locations:

-----------------------

2024-04-16 14:02:00,752 [LocalJobRunner Map Task Executor #0] INFO  org.apache.pig.builtin.PigStorage - Using PigTextInputFormat
2024-04-16 14:02:00,752 [LocalJobRunner Map Task Executor #0] INFO  org.apache.pig.backend.hadoop.executionengine.mapReduceLayer.PigRecordReader - Current split being processed file:/home/pnisal/project6/tripdata-small.csv:0+11199
2024-04-16 14:02:00,764 [LocalJobRunner Map Task Executor #0] INFO  org.apache.hadoop.mapred.MapTask - (EQUATOR) 0 kvi 26214396(104857584)
2024-04-16 14:02:00,764 [LocalJobRunner Map Task Executor #0] INFO  org.apache.hadoop.mapred.MapTask - mapreduce.task.io.sort.mb: 100
2024-04-16 14:02:00,764 [LocalJobRunner Map Task Executor #0] INFO  org.apache.hadoop.mapred.MapTask - soft limit at 83886080
2024-04-16 14:02:00,764 [LocalJobRunner Map Task Executor #0] INFO  org.apache.hadoop.mapred.MapTask - bufstart = 0; bufvoid = 104857600
2024-04-16 14:02:00,764 [LocalJobRunner Map Task Executor #0] INFO  org.apache.hadoop.mapred.MapTask - kvstart = 26214396; length = 6553600
2024-04-16 14:02:00,766 [LocalJobRunner Map Task Executor #0] INFO  org.apache.hadoop.mapred.MapTask - Map output collector class = org.apache.hadoop.mapred.MapTask$MapOutputBuffer
2024-04-16 14:02:00,769 [LocalJobRunner Map Task Executor #0] INFO  org.apache.pig.impl.util.SpillableMemoryManager - Selected heap (G1 Old Gen) of size 1048576000 to monitor. collectionUsageThreshold = 734003200, usageThreshold = 734003200
2024-04-16 14:02:00,769 [LocalJobRunner Map Task Executor #0] INFO  org.apache.pig.data.SchemaTupleBackend - Key [pig.schematuple] was not set... will not generate code.
2024-04-16 14:02:00,772 [LocalJobRunner Map Task Executor #0] INFO  org.apache.pig.backend.hadoop.executionengine.mapReduceLayer.PigGenericMapReduce$Map - Aliases being processed per job phase (AliasName[line,offset]): M: TRIP[1,7],TRIP[-1,-1],TRIP[3,7],PARSED_DATA[4,14],PARSED_DATA[5,14],AVERAGE_DATA[9,15],GROUPED_DATA[7,15] C: AVERAGE_DATA[9,15],GROUPED_DATA[7,15] R: AVERAGE_DATA[9,15]
2024-04-16 14:02:00,784 [LocalJobRunner Map Task Executor #0] INFO  org.apache.hadoop.mapred.LocalJobRunner - 
2024-04-16 14:02:00,784 [LocalJobRunner Map Task Executor #0] INFO  org.apache.hadoop.mapred.MapTask - Starting flush of map output
2024-04-16 14:02:00,784 [LocalJobRunner Map Task Executor #0] INFO  org.apache.hadoop.mapred.MapTask - Spilling map output
2024-04-16 14:02:00,784 [LocalJobRunner Map Task Executor #0] INFO  org.apache.hadoop.mapred.MapTask - bufstart = 0; bufend = 1491; bufvoid = 104857600
2024-04-16 14:02:00,784 [LocalJobRunner Map Task Executor #0] INFO  org.apache.hadoop.mapred.MapTask - kvstart = 26214396(104857584); kvend = 26214116(104856464); length = 281/6553600
2024-04-16 14:02:00,791 [LocalJobRunner Map Task Executor #0] INFO  org.apache.pig.backend.hadoop.executionengine.mapReduceLayer.PigCombiner$Combine - Aliases being processed per job phase (AliasName[line,offset]): M: TRIP[1,7],TRIP[-1,-1],TRIP[3,7],PARSED_DATA[4,14],PARSED_DATA[5,14],AVERAGE_DATA[9,15],GROUPED_DATA[7,15] C: AVERAGE_DATA[9,15],GROUPED_DATA[7,15] R: AVERAGE_DATA[9,15]
2024-04-16 14:02:00,795 [LocalJobRunner Map Task Executor #0] INFO  org.apache.hadoop.mapred.MapTask - Finished spill 0
2024-04-16 14:02:00,796 [LocalJobRunner Map Task Executor #0] INFO  org.apache.hadoop.mapred.Task - Task:attempt_local240199456_0004_m_000000_0 is done. And is in the process of committing
2024-04-16 14:02:00,797 [LocalJobRunner Map Task Executor #0] INFO  org.apache.hadoop.mapred.LocalJobRunner - map
2024-04-16 14:02:00,797 [LocalJobRunner Map Task Executor #0] INFO  org.apache.hadoop.mapred.Task - Task 'attempt_local240199456_0004_m_000000_0' done.
2024-04-16 14:02:00,797 [LocalJobRunner Map Task Executor #0] INFO  org.apache.hadoop.mapred.Task - Final Counters for attempt_local240199456_0004_m_000000_0: Counters: 19
	File System Counters
		FILE: Number of bytes read=66107
		FILE: Number of bytes written=2213505
		FILE: Number of read operations=0
		FILE: Number of large read operations=0
		FILE: Number of write operations=0
	Map-Reduce Framework
		Map input records=72
		Map output records=71
		Map output bytes=1491
		Map output materialized bytes=312
		Input split bytes=372
		Combine input records=71
		Combine output records=13
		Spilled Records=13
		Failed Shuffles=0
		Merged Map outputs=0
		GC time elapsed (ms)=0
		Total committed heap usage (bytes)=1048576000
	File Input Format Counters 
		Bytes Read=0
	org.apache.pig.PigWarning
		FIELD_DISCARDED_TYPE_CONVERSION_FAILED=2
2024-04-16 14:02:00,797 [LocalJobRunner Map Task Executor #0] INFO  org.apache.hadoop.mapred.LocalJobRunner - Finishing task: attempt_local240199456_0004_m_000000_0
2024-04-16 14:02:00,797 [Thread-16] INFO  org.apache.hadoop.mapred.LocalJobRunner - map task executor complete.
2024-04-16 14:02:00,798 [Thread-16] INFO  org.apache.hadoop.mapred.LocalJobRunner - Waiting for reduce tasks
2024-04-16 14:02:00,798 [pool-13-thread-1] INFO  org.apache.hadoop.mapred.LocalJobRunner - Starting task: attempt_local240199456_0004_r_000000_0
2024-04-16 14:02:00,804 [pool-13-thread-1] INFO  org.apache.hadoop.mapreduce.lib.output.FileOutputCommitter - File Output Committer Algorithm version is 2
2024-04-16 14:02:00,804 [pool-13-thread-1] INFO  org.apache.hadoop.mapreduce.lib.output.FileOutputCommitter - FileOutputCommitter skip cleanup _temporary folders under output directory:false, ignore cleanup failures: false
2024-04-16 14:02:00,805 [pool-13-thread-1] INFO  org.apache.hadoop.mapred.Task -  Using ResourceCalculatorProcessTree : [ ]
2024-04-16 14:02:00,805 [pool-13-thread-1] INFO  org.apache.hadoop.mapred.ReduceTask - Using ShuffleConsumerPlugin: org.apache.hadoop.mapreduce.task.reduce.Shuffle@51619d8f
2024-04-16 14:02:00,806 [pool-13-thread-1] WARN  org.apache.hadoop.metrics2.impl.MetricsSystemImpl - JobTracker metrics system already initialized!
2024-04-16 14:02:00,807 [pool-13-thread-1] INFO  org.apache.hadoop.mapreduce.task.reduce.MergeManagerImpl - MergerManager: memoryLimit=734003200, maxSingleShuffleLimit=183500800, mergeThreshold=484442144, ioSortFactor=10, memToMemMergeOutputsThreshold=10
2024-04-16 14:02:00,807 [EventFetcher for fetching Map Completion Events] INFO  org.apache.hadoop.mapreduce.task.reduce.EventFetcher - attempt_local240199456_0004_r_000000_0 Thread started: EventFetcher for fetching Map Completion Events
2024-04-16 14:02:00,808 [localfetcher#2] INFO  org.apache.hadoop.mapreduce.task.reduce.LocalFetcher - localfetcher#2 about to shuffle output of map attempt_local240199456_0004_m_000000_0 decomp: 308 len: 312 to MEMORY
2024-04-16 14:02:00,809 [localfetcher#2] INFO  org.apache.hadoop.mapreduce.task.reduce.InMemoryMapOutput - Read 308 bytes from map-output for attempt_local240199456_0004_m_000000_0
2024-04-16 14:02:00,809 [localfetcher#2] INFO  org.apache.hadoop.mapreduce.task.reduce.MergeManagerImpl - closeInMemoryFile -> map-output of size: 308, inMemoryMapOutputs.size() -> 1, commitMemory -> 0, usedMemory ->308
2024-04-16 14:02:00,809 [EventFetcher for fetching Map Completion Events] INFO  org.apache.hadoop.mapreduce.task.reduce.EventFetcher - EventFetcher is interrupted.. Returning
2024-04-16 14:02:00,810 [pool-13-thread-1] INFO  org.apache.hadoop.mapred.LocalJobRunner - 1 / 1 copied.
2024-04-16 14:02:00,810 [pool-13-thread-1] INFO  org.apache.hadoop.mapreduce.task.reduce.MergeManagerImpl - finalMerge called with 1 in-memory map-outputs and 0 on-disk map-outputs
2024-04-16 14:02:00,810 [Readahead Thread #2] WARN  org.apache.hadoop.io.ReadaheadPool - Failed readahead on ifile
EBADF: Bad file descriptor
	at org.apache.hadoop.io.nativeio.NativeIO$POSIX.posix_fadvise(Native Method)
	at org.apache.hadoop.io.nativeio.NativeIO$POSIX.posixFadviseIfPossible(NativeIO.java:419)
	at org.apache.hadoop.io.nativeio.NativeIO$POSIX$CacheManipulator.posixFadviseIfPossible(NativeIO.java:296)
	at org.apache.hadoop.io.ReadaheadPool$ReadaheadRequestImpl.run(ReadaheadPool.java:209)
	at java.base/java.util.concurrent.ThreadPoolExecutor.runWorker(ThreadPoolExecutor.java:1128)
	at java.base/java.util.concurrent.ThreadPoolExecutor$Worker.run(ThreadPoolExecutor.java:628)
	at java.base/java.lang.Thread.run(Thread.java:834)
2024-04-16 14:02:00,811 [pool-13-thread-1] INFO  org.apache.hadoop.mapred.Merger - Merging 1 sorted segments
2024-04-16 14:02:00,812 [pool-13-thread-1] INFO  org.apache.hadoop.mapred.Merger - Down to the last merge-pass, with 1 segments left of total size: 300 bytes
2024-04-16 14:02:00,812 [pool-13-thread-1] INFO  org.apache.hadoop.mapreduce.task.reduce.MergeManagerImpl - Merged 1 segments, 308 bytes to disk to satisfy reduce memory limit
2024-04-16 14:02:00,812 [pool-13-thread-1] INFO  org.apache.hadoop.mapreduce.task.reduce.MergeManagerImpl - Merging 1 files, 312 bytes from disk
2024-04-16 14:02:00,812 [pool-13-thread-1] INFO  org.apache.hadoop.mapreduce.task.reduce.MergeManagerImpl - Merging 0 segments, 0 bytes from memory into reduce
2024-04-16 14:02:00,812 [pool-13-thread-1] INFO  org.apache.hadoop.mapred.Merger - Merging 1 sorted segments
2024-04-16 14:02:00,813 [pool-13-thread-1] INFO  org.apache.hadoop.mapred.Merger - Down to the last merge-pass, with 1 segments left of total size: 300 bytes
2024-04-16 14:02:00,813 [pool-13-thread-1] INFO  org.apache.hadoop.mapred.LocalJobRunner - 1 / 1 copied.
2024-04-16 14:02:00,815 [pool-13-thread-1] INFO  org.apache.hadoop.mapreduce.lib.output.FileOutputCommitter - File Output Committer Algorithm version is 2
2024-04-16 14:02:00,815 [pool-13-thread-1] INFO  org.apache.hadoop.mapreduce.lib.output.FileOutputCommitter - FileOutputCommitter skip cleanup _temporary folders under output directory:false, ignore cleanup failures: false
2024-04-16 14:02:00,816 [pool-13-thread-1] INFO  org.apache.pig.impl.util.SpillableMemoryManager - Selected heap (G1 Old Gen) of size 1048576000 to monitor. collectionUsageThreshold = 734003200, usageThreshold = 734003200
2024-04-16 14:02:00,816 [pool-13-thread-1] WARN  org.apache.pig.data.SchemaTupleBackend - SchemaTupleBackend has already been initialized
2024-04-16 14:02:00,818 [pool-13-thread-1] INFO  org.apache.pig.backend.hadoop.executionengine.mapReduceLayer.PigMapReduce$Reduce - Aliases being processed per job phase (AliasName[line,offset]): M: TRIP[1,7],TRIP[-1,-1],TRIP[3,7],PARSED_DATA[4,14],PARSED_DATA[5,14],AVERAGE_DATA[9,15],GROUPED_DATA[7,15] C: AVERAGE_DATA[9,15],GROUPED_DATA[7,15] R: AVERAGE_DATA[9,15]
2024-04-16 14:02:00,820 [pool-13-thread-1] INFO  org.apache.hadoop.mapred.Task - Task:attempt_local240199456_0004_r_000000_0 is done. And is in the process of committing
2024-04-16 14:02:00,823 [pool-13-thread-1] INFO  org.apache.hadoop.mapred.LocalJobRunner - 1 / 1 copied.
2024-04-16 14:02:00,823 [pool-13-thread-1] INFO  org.apache.hadoop.mapred.Task - Task attempt_local240199456_0004_r_000000_0 is allowed to commit now
2024-04-16 14:02:00,825 [pool-13-thread-1] INFO  org.apache.hadoop.mapreduce.lib.output.FileOutputCommitter - Saved output of task 'attempt_local240199456_0004_r_000000_0' to file:/tmp/temp-1515022234/tmp-28388064
2024-04-16 14:02:00,825 [pool-13-thread-1] INFO  org.apache.hadoop.mapred.LocalJobRunner - reduce > reduce
2024-04-16 14:02:00,825 [pool-13-thread-1] INFO  org.apache.hadoop.mapred.Task - Task 'attempt_local240199456_0004_r_000000_0' done.
2024-04-16 14:02:00,826 [pool-13-thread-1] INFO  org.apache.hadoop.mapred.Task - Final Counters for attempt_local240199456_0004_r_000000_0: Counters: 24
	File System Counters
		FILE: Number of bytes read=66763
		FILE: Number of bytes written=2214022
		FILE: Number of read operations=0
		FILE: Number of large read operations=0
		FILE: Number of write operations=0
	Map-Reduce Framework
		Combine input records=0
		Combine output records=0
		Reduce input groups=13
		Reduce shuffle bytes=312
		Reduce input records=13
		Reduce output records=13
		Spilled Records=13
		Shuffled Maps =1
		Failed Shuffles=0
		Merged Map outputs=1
		GC time elapsed (ms)=0
		Total committed heap usage (bytes)=1048576000
	Shuffle Errors
		BAD_ID=0
		CONNECTION=0
		IO_ERROR=0
		WRONG_LENGTH=0
		WRONG_MAP=0
		WRONG_REDUCE=0
	File Output Format Counters 
		Bytes Written=0
2024-04-16 14:02:00,826 [pool-13-thread-1] INFO  org.apache.hadoop.mapred.LocalJobRunner - Finishing task: attempt_local240199456_0004_r_000000_0
2024-04-16 14:02:00,826 [Thread-16] INFO  org.apache.hadoop.mapred.LocalJobRunner - reduce task executor complete.
2024-04-16 14:02:00,933 [main] INFO  org.apache.pig.backend.hadoop.executionengine.mapReduceLayer.MapReduceLauncher - HadoopJobId: job_local240199456_0004
2024-04-16 14:02:00,933 [main] INFO  org.apache.pig.backend.hadoop.executionengine.mapReduceLayer.MapReduceLauncher - Processing aliases AVERAGE_DATA,GROUPED_DATA,PARSED_DATA,TRIP
2024-04-16 14:02:00,933 [main] INFO  org.apache.pig.backend.hadoop.executionengine.mapReduceLayer.MapReduceLauncher - detailed locations: M: TRIP[1,7],TRIP[-1,-1],TRIP[3,7],PARSED_DATA[4,14],PARSED_DATA[5,14],AVERAGE_DATA[9,15],GROUPED_DATA[7,15] C: AVERAGE_DATA[9,15],GROUPED_DATA[7,15] R: AVERAGE_DATA[9,15]
2024-04-16 14:02:00,936 [main] WARN  org.apache.hadoop.metrics2.impl.MetricsSystemImpl - JobTracker metrics system already initialized!
2024-04-16 14:02:00,937 [main] WARN  org.apache.hadoop.metrics2.impl.MetricsSystemImpl - JobTracker metrics system already initialized!
2024-04-16 14:02:00,938 [main] WARN  org.apache.hadoop.metrics2.impl.MetricsSystemImpl - JobTracker metrics system already initialized!
2024-04-16 14:02:00,941 [main] INFO  org.apache.pig.backend.hadoop.executionengine.mapReduceLayer.MapReduceLauncher - 100% complete
2024-04-16 14:02:00,941 [main] INFO  org.apache.pig.tools.pigstats.mapreduce.SimplePigStats - Script Statistics: 

HadoopVersion	PigVersion	UserId	StartedAt	FinishedAt	Features
3.2.2	0.17.0	pnisal	2024-04-16 14:02:00	2024-04-16 14:02:00	GROUP_BY,FILTER

Success!

Job Stats (time in seconds):
JobId	Maps	Reduces	MaxMapTime	MinMapTime	AvgMapTime	MedianMapTime	MaxReduceTime	MinReduceTime	AvgReduceTime	MedianReducetime	Alias	Feature	Outputs
job_local240199456_0004	1	1	n/a	n/a	n/a	n/a	n/a	n/a	n/a	n/a	AVERAGE_DATA,GROUPED_DATA,PARSED_DATA,TRIP	GROUP_BY,COMBINER	file:/tmp/temp-1515022234/tmp-28388064,

Input(s):
Successfully read 72 records from: "file:///home/pnisal/project6/tripdata-small.csv"

Output(s):
Successfully stored 13 records in: "file:/tmp/temp-1515022234/tmp-28388064"

Counters:
Total records written : 13
Total bytes written : 0
Spillable Memory Manager spill count : 0
Total bags proactively spilled: 0
Total records proactively spilled: 0

Job DAG:
job_local240199456_0004


2024-04-16 14:02:00,942 [main] WARN  org.apache.hadoop.metrics2.impl.MetricsSystemImpl - JobTracker metrics system already initialized!
2024-04-16 14:02:00,943 [main] WARN  org.apache.hadoop.metrics2.impl.MetricsSystemImpl - JobTracker metrics system already initialized!
2024-04-16 14:02:00,944 [main] WARN  org.apache.hadoop.metrics2.impl.MetricsSystemImpl - JobTracker metrics system already initialized!
2024-04-16 14:02:00,946 [main] WARN  org.apache.pig.backend.hadoop.executionengine.mapReduceLayer.MapReduceLauncher - Encountered Warning FIELD_DISCARDED_TYPE_CONVERSION_FAILED 2 time(s).
2024-04-16 14:02:00,946 [main] INFO  org.apache.pig.backend.hadoop.executionengine.mapReduceLayer.MapReduceLauncher - Success!
2024-04-16 14:02:00,947 [main] WARN  org.apache.pig.data.SchemaTupleBackend - SchemaTupleBackend has already been initialized
2024-04-16 14:02:00,948 [main] INFO  org.apache.hadoop.mapreduce.lib.input.FileInputFormat - Total input files to process : 1
2024-04-16 14:02:00,948 [main] INFO  org.apache.pig.backend.hadoop.executionengine.util.MapRedUtil - Total input paths to process : 1
(0,13.549999999999997)
(1,8.9525)
(2,13.20842105263158)
(3,16.493076923076924)
(4,18.153333333333332)
(5,23.0)
(6,28.0)
(7,27.8)
(8,41.21)
(9,36.730000000000004)
(10,40.3)
(16,62.8)
(18,61.129999999999995)
2024-04-16 14:02:00,971 [main] INFO  org.apache.pig.Main - Pig script completed in 3 seconds and 102 milliseconds (3102 ms)