
The following have been reloaded with a version change:
  1) cpu/0.17.3b => cpu/0.15.4

2024-02-26 21:37:21,588 INFO impl.MetricsConfig: Loaded properties from hadoop-metrics2.properties
2024-02-26 21:37:21,662 INFO impl.MetricsSystemImpl: Scheduled Metric snapshot period at 10 second(s).
2024-02-26 21:37:21,662 INFO impl.MetricsSystemImpl: JobTracker metrics system started
2024-02-26 21:37:21,727 WARN mapreduce.JobResourceUploader: Hadoop command-line option parsing not performed. Implement the Tool interface and execute your application with ToolRunner to remedy this.
2024-02-26 21:37:21,851 INFO input.FileInputFormat: Total input files to process : 1
2024-02-26 21:37:21,869 INFO mapreduce.JobSubmitter: number of splits:1
2024-02-26 21:37:22,002 INFO mapreduce.JobSubmitter: Submitting tokens for job: job_local477359977_0001
2024-02-26 21:37:22,002 INFO mapreduce.JobSubmitter: Executing with tokens: []
2024-02-26 21:37:22,089 INFO mapreduce.Job: The url to track the job: http://localhost:8080/
2024-02-26 21:37:22,093 INFO mapreduce.Job: Running job: job_local477359977_0001
2024-02-26 21:37:22,098 INFO mapred.LocalJobRunner: OutputCommitter set in config null
2024-02-26 21:37:22,105 INFO output.FileOutputCommitter: File Output Committer Algorithm version is 2
2024-02-26 21:37:22,106 INFO output.FileOutputCommitter: FileOutputCommitter skip cleanup _temporary folders under output directory:false, ignore cleanup failures: false
2024-02-26 21:37:22,106 INFO mapred.LocalJobRunner: OutputCommitter is org.apache.hadoop.mapreduce.lib.output.FileOutputCommitter
2024-02-26 21:37:22,243 INFO mapred.LocalJobRunner: Waiting for map tasks
2024-02-26 21:37:22,243 INFO mapred.LocalJobRunner: Starting task: attempt_local477359977_0001_m_000000_0
2024-02-26 21:37:22,260 INFO output.FileOutputCommitter: File Output Committer Algorithm version is 2
2024-02-26 21:37:22,260 INFO output.FileOutputCommitter: FileOutputCommitter skip cleanup _temporary folders under output directory:false, ignore cleanup failures: false
2024-02-26 21:37:22,282 INFO mapred.Task:  Using ResourceCalculatorProcessTree : [ ]
2024-02-26 21:37:22,285 INFO mapred.MapTask: Processing split: file:/home/pnisal/project2/M-matrix-small.txt:0+20843
2024-02-26 21:37:22,303 INFO mapred.MapTask: (EQUATOR) 0 kvi 26214396(104857584)
2024-02-26 21:37:22,303 INFO mapred.MapTask: mapreduce.task.io.sort.mb: 100
2024-02-26 21:37:22,303 INFO mapred.MapTask: soft limit at 83886080
2024-02-26 21:37:22,303 INFO mapred.MapTask: bufstart = 0; bufvoid = 104857600
2024-02-26 21:37:22,303 INFO mapred.MapTask: kvstart = 26214396; length = 6553600
2024-02-26 21:37:22,306 INFO mapred.MapTask: Map output collector class = org.apache.hadoop.mapred.MapTask$MapOutputBuffer
2024-02-26 21:37:22,366 INFO mapred.LocalJobRunner: 
2024-02-26 21:37:22,366 INFO mapred.MapTask: Starting flush of map output
2024-02-26 21:37:22,366 INFO mapred.MapTask: Spilling map output
2024-02-26 21:37:22,366 INFO mapred.MapTask: bufstart = 0; bufend = 40320; bufvoid = 104857600
2024-02-26 21:37:22,366 INFO mapred.MapTask: kvstart = 26214396(104857584); kvend = 26207680(104830720); length = 6717/6553600
2024-02-26 21:37:22,377 INFO mapred.MapTask: Finished spill 0
2024-02-26 21:37:22,383 INFO mapred.Task: Task:attempt_local477359977_0001_m_000000_0 is done. And is in the process of committing
2024-02-26 21:37:22,385 INFO mapred.LocalJobRunner: map
2024-02-26 21:37:22,385 INFO mapred.Task: Task 'attempt_local477359977_0001_m_000000_0' done.
2024-02-26 21:37:22,389 INFO mapred.Task: Final Counters for attempt_local477359977_0001_m_000000_0: Counters: 17
	File System Counters
		FILE: Number of bytes read=29693
		FILE: Number of bytes written=594193
		FILE: Number of read operations=0
		FILE: Number of large read operations=0
		FILE: Number of write operations=0
	Map-Reduce Framework
		Map input records=1680
		Map output records=1680
		Map output bytes=40320
		Map output materialized bytes=43686
		Input split bytes=110
		Combine input records=0
		Spilled Records=1680
		Failed Shuffles=0
		Merged Map outputs=0
		GC time elapsed (ms)=0
		Total committed heap usage (bytes)=2147483648
	File Input Format Counters 
		Bytes Read=20843
2024-02-26 21:37:22,390 INFO mapred.LocalJobRunner: Finishing task: attempt_local477359977_0001_m_000000_0
2024-02-26 21:37:22,390 INFO mapred.LocalJobRunner: map task executor complete.
2024-02-26 21:37:22,392 INFO mapred.LocalJobRunner: Waiting for reduce tasks
2024-02-26 21:37:22,392 INFO mapred.LocalJobRunner: Starting task: attempt_local477359977_0001_r_000000_0
2024-02-26 21:37:22,398 INFO output.FileOutputCommitter: File Output Committer Algorithm version is 2
2024-02-26 21:37:22,398 INFO output.FileOutputCommitter: FileOutputCommitter skip cleanup _temporary folders under output directory:false, ignore cleanup failures: false
2024-02-26 21:37:22,399 INFO mapred.Task:  Using ResourceCalculatorProcessTree : [ ]
2024-02-26 21:37:22,400 INFO mapred.ReduceTask: Using ShuffleConsumerPlugin: org.apache.hadoop.mapreduce.task.reduce.Shuffle@3616aac2
2024-02-26 21:37:22,401 WARN impl.MetricsSystemImpl: JobTracker metrics system already initialized!
2024-02-26 21:37:22,413 INFO reduce.MergeManagerImpl: The max number of bytes for a single in-memory shuffle cannot be larger than Integer.MAX_VALUE. Setting it to Integer.MAX_VALUE
2024-02-26 21:37:22,413 INFO reduce.MergeManagerImpl: MergerManager: memoryLimit=22525089792, maxSingleShuffleLimit=2147483647, mergeThreshold=14866560000, ioSortFactor=10, memToMemMergeOutputsThreshold=10
2024-02-26 21:37:22,414 INFO reduce.EventFetcher: attempt_local477359977_0001_r_000000_0 Thread started: EventFetcher for fetching Map Completion Events
2024-02-26 21:37:22,432 INFO reduce.LocalFetcher: localfetcher#1 about to shuffle output of map attempt_local477359977_0001_m_000000_0 decomp: 43682 len: 43686 to MEMORY
2024-02-26 21:37:22,434 INFO reduce.InMemoryMapOutput: Read 43682 bytes from map-output for attempt_local477359977_0001_m_000000_0
2024-02-26 21:37:22,435 INFO reduce.MergeManagerImpl: closeInMemoryFile -> map-output of size: 43682, inMemoryMapOutputs.size() -> 1, commitMemory -> 0, usedMemory ->43682
2024-02-26 21:37:22,437 INFO reduce.EventFetcher: EventFetcher is interrupted.. Returning
2024-02-26 21:37:22,437 INFO mapred.LocalJobRunner: 1 / 1 copied.
2024-02-26 21:37:22,437 INFO reduce.MergeManagerImpl: finalMerge called with 1 in-memory map-outputs and 0 on-disk map-outputs
2024-02-26 21:37:22,441 INFO mapred.Merger: Merging 1 sorted segments
2024-02-26 21:37:22,441 INFO mapred.Merger: Down to the last merge-pass, with 1 segments left of total size: 43672 bytes
2024-02-26 21:37:22,445 INFO reduce.MergeManagerImpl: Merged 1 segments, 43682 bytes to disk to satisfy reduce memory limit
2024-02-26 21:37:22,445 INFO reduce.MergeManagerImpl: Merging 1 files, 43686 bytes from disk
2024-02-26 21:37:22,446 INFO reduce.MergeManagerImpl: Merging 0 segments, 0 bytes from memory into reduce
2024-02-26 21:37:22,446 INFO mapred.Merger: Merging 1 sorted segments
2024-02-26 21:37:22,446 INFO mapred.Merger: Down to the last merge-pass, with 1 segments left of total size: 43672 bytes
2024-02-26 21:37:22,446 INFO mapred.LocalJobRunner: 1 / 1 copied.
2024-02-26 21:37:22,528 INFO Configuration.deprecation: mapred.skip.on is deprecated. Instead, use mapreduce.job.skiprecords
2024-02-26 21:37:22,573 INFO mapred.Task: Task:attempt_local477359977_0001_r_000000_0 is done. And is in the process of committing
2024-02-26 21:37:22,574 INFO mapred.LocalJobRunner: 1 / 1 copied.
2024-02-26 21:37:22,574 INFO mapred.Task: Task attempt_local477359977_0001_r_000000_0 is allowed to commit now
2024-02-26 21:37:22,610 INFO output.FileOutputCommitter: Saved output of task 'attempt_local477359977_0001_r_000000_0' to file:/home/pnisal/project2/left_tmp
2024-02-26 21:37:22,611 INFO mapred.LocalJobRunner: reduce > reduce
2024-02-26 21:37:22,611 INFO mapred.Task: Task 'attempt_local477359977_0001_r_000000_0' done.
2024-02-26 21:37:22,612 INFO mapred.Task: Final Counters for attempt_local477359977_0001_r_000000_0: Counters: 24
	File System Counters
		FILE: Number of bytes read=117097
		FILE: Number of bytes written=654372
		FILE: Number of read operations=0
		FILE: Number of large read operations=0
		FILE: Number of write operations=0
	Map-Reduce Framework
		Combine input records=0
		Combine output records=0
		Reduce input groups=40
		Reduce shuffle bytes=43686
		Reduce input records=1680
		Reduce output records=40
		Spilled Records=1680
		Shuffled Maps =1
		Failed Shuffles=0
		Merged Map outputs=1
		GC time elapsed (ms)=0
		Total committed heap usage (bytes)=2147483648
	Shuffle Errors
		BAD_ID=0
		CONNECTION=0
		IO_ERROR=0
		WRONG_LENGTH=0
		WRONG_MAP=0
		WRONG_REDUCE=0
	File Output Format Counters 
		Bytes Written=16493
2024-02-26 21:37:22,612 INFO mapred.LocalJobRunner: Finishing task: attempt_local477359977_0001_r_000000_0
2024-02-26 21:37:22,612 INFO mapred.LocalJobRunner: reduce task executor complete.
2024-02-26 21:37:23,102 INFO mapreduce.Job: Job job_local477359977_0001 running in uber mode : false
2024-02-26 21:37:23,103 INFO mapreduce.Job:  map 100% reduce 100%
2024-02-26 21:37:23,104 INFO mapreduce.Job: Job job_local477359977_0001 completed successfully
2024-02-26 21:37:23,109 INFO mapreduce.Job: Counters: 30
	File System Counters
		FILE: Number of bytes read=146790
		FILE: Number of bytes written=1248565
		FILE: Number of read operations=0
		FILE: Number of large read operations=0
		FILE: Number of write operations=0
	Map-Reduce Framework
		Map input records=1680
		Map output records=1680
		Map output bytes=40320
		Map output materialized bytes=43686
		Input split bytes=110
		Combine input records=0
		Combine output records=0
		Reduce input groups=40
		Reduce shuffle bytes=43686
		Reduce input records=1680
		Reduce output records=40
		Spilled Records=3360
		Shuffled Maps =1
		Failed Shuffles=0
		Merged Map outputs=1
		GC time elapsed (ms)=0
		Total committed heap usage (bytes)=4294967296
	Shuffle Errors
		BAD_ID=0
		CONNECTION=0
		IO_ERROR=0
		WRONG_LENGTH=0
		WRONG_MAP=0
		WRONG_REDUCE=0
	File Input Format Counters 
		Bytes Read=20843
	File Output Format Counters 
		Bytes Written=16493
2024-02-26 21:37:23,120 WARN impl.MetricsSystemImpl: JobTracker metrics system already initialized!
2024-02-26 21:37:23,122 WARN mapreduce.JobResourceUploader: Hadoop command-line option parsing not performed. Implement the Tool interface and execute your application with ToolRunner to remedy this.
2024-02-26 21:37:23,124 INFO input.FileInputFormat: Total input files to process : 1
2024-02-26 21:37:23,125 INFO mapreduce.JobSubmitter: number of splits:1
2024-02-26 21:37:23,155 INFO mapreduce.JobSubmitter: Submitting tokens for job: job_local1985556570_0002
2024-02-26 21:37:23,155 INFO mapreduce.JobSubmitter: Executing with tokens: []
2024-02-26 21:37:23,202 INFO mapreduce.Job: The url to track the job: http://localhost:8080/
2024-02-26 21:37:23,203 INFO mapred.LocalJobRunner: OutputCommitter set in config null
2024-02-26 21:37:23,203 INFO output.FileOutputCommitter: File Output Committer Algorithm version is 2
2024-02-26 21:37:23,203 INFO output.FileOutputCommitter: FileOutputCommitter skip cleanup _temporary folders under output directory:false, ignore cleanup failures: false
2024-02-26 21:37:23,203 INFO mapred.LocalJobRunner: OutputCommitter is org.apache.hadoop.mapreduce.lib.output.FileOutputCommitter
2024-02-26 21:37:23,271 INFO mapred.LocalJobRunner: Waiting for map tasks
2024-02-26 21:37:23,272 INFO mapred.LocalJobRunner: Starting task: attempt_local1985556570_0002_m_000000_0
2024-02-26 21:37:23,273 INFO output.FileOutputCommitter: File Output Committer Algorithm version is 2
2024-02-26 21:37:23,273 INFO output.FileOutputCommitter: FileOutputCommitter skip cleanup _temporary folders under output directory:false, ignore cleanup failures: false
2024-02-26 21:37:23,273 INFO mapred.Task:  Using ResourceCalculatorProcessTree : [ ]
2024-02-26 21:37:23,274 INFO mapred.MapTask: Processing split: file:/home/pnisal/project2/N-matrix-small.txt:0+20844
2024-02-26 21:37:23,281 INFO mapred.MapTask: (EQUATOR) 0 kvi 26214396(104857584)
2024-02-26 21:37:23,282 INFO mapred.MapTask: mapreduce.task.io.sort.mb: 100
2024-02-26 21:37:23,282 INFO mapred.MapTask: soft limit at 83886080
2024-02-26 21:37:23,282 INFO mapred.MapTask: bufstart = 0; bufvoid = 104857600
2024-02-26 21:37:23,282 INFO mapred.MapTask: kvstart = 26214396; length = 6553600
2024-02-26 21:37:23,282 INFO mapred.MapTask: Map output collector class = org.apache.hadoop.mapred.MapTask$MapOutputBuffer
2024-02-26 21:37:23,302 INFO mapred.LocalJobRunner: 
2024-02-26 21:37:23,302 INFO mapred.MapTask: Starting flush of map output
2024-02-26 21:37:23,302 INFO mapred.MapTask: Spilling map output
2024-02-26 21:37:23,302 INFO mapred.MapTask: bufstart = 0; bufend = 40320; bufvoid = 104857600
2024-02-26 21:37:23,302 INFO mapred.MapTask: kvstart = 26214396(104857584); kvend = 26207680(104830720); length = 6717/6553600
2024-02-26 21:37:23,304 INFO mapred.MapTask: Finished spill 0
2024-02-26 21:37:23,305 INFO mapred.Task: Task:attempt_local1985556570_0002_m_000000_0 is done. And is in the process of committing
2024-02-26 21:37:23,306 INFO mapred.LocalJobRunner: map
2024-02-26 21:37:23,306 INFO mapred.Task: Task 'attempt_local1985556570_0002_m_000000_0' done.
2024-02-26 21:37:23,307 INFO mapred.Task: Final Counters for attempt_local1985556570_0002_m_000000_0: Counters: 17
	File System Counters
		FILE: Number of bytes read=146791
		FILE: Number of bytes written=1251211
		FILE: Number of read operations=0
		FILE: Number of large read operations=0
		FILE: Number of write operations=0
	Map-Reduce Framework
		Map input records=1680
		Map output records=1680
		Map output bytes=40320
		Map output materialized bytes=43686
		Input split bytes=110
		Combine input records=0
		Spilled Records=1680
		Failed Shuffles=0
		Merged Map outputs=0
		GC time elapsed (ms)=0
		Total committed heap usage (bytes)=2147483648
	File Input Format Counters 
		Bytes Read=20844
2024-02-26 21:37:23,307 INFO mapred.LocalJobRunner: Finishing task: attempt_local1985556570_0002_m_000000_0
2024-02-26 21:37:23,307 INFO mapred.LocalJobRunner: map task executor complete.
2024-02-26 21:37:23,308 INFO mapred.LocalJobRunner: Waiting for reduce tasks
2024-02-26 21:37:23,308 INFO mapred.LocalJobRunner: Starting task: attempt_local1985556570_0002_r_000000_0
2024-02-26 21:37:23,309 INFO output.FileOutputCommitter: File Output Committer Algorithm version is 2
2024-02-26 21:37:23,310 INFO output.FileOutputCommitter: FileOutputCommitter skip cleanup _temporary folders under output directory:false, ignore cleanup failures: false
2024-02-26 21:37:23,310 INFO mapred.Task:  Using ResourceCalculatorProcessTree : [ ]
2024-02-26 21:37:23,310 INFO mapred.ReduceTask: Using ShuffleConsumerPlugin: org.apache.hadoop.mapreduce.task.reduce.Shuffle@158fe055
2024-02-26 21:37:23,310 WARN impl.MetricsSystemImpl: JobTracker metrics system already initialized!
2024-02-26 21:37:23,311 INFO reduce.MergeManagerImpl: The max number of bytes for a single in-memory shuffle cannot be larger than Integer.MAX_VALUE. Setting it to Integer.MAX_VALUE
2024-02-26 21:37:23,311 INFO reduce.MergeManagerImpl: MergerManager: memoryLimit=22525089792, maxSingleShuffleLimit=2147483647, mergeThreshold=14866560000, ioSortFactor=10, memToMemMergeOutputsThreshold=10
2024-02-26 21:37:23,311 INFO reduce.EventFetcher: attempt_local1985556570_0002_r_000000_0 Thread started: EventFetcher for fetching Map Completion Events
2024-02-26 21:37:23,313 INFO reduce.LocalFetcher: localfetcher#2 about to shuffle output of map attempt_local1985556570_0002_m_000000_0 decomp: 43682 len: 43686 to MEMORY
2024-02-26 21:37:23,313 INFO reduce.InMemoryMapOutput: Read 43682 bytes from map-output for attempt_local1985556570_0002_m_000000_0
2024-02-26 21:37:23,313 INFO reduce.MergeManagerImpl: closeInMemoryFile -> map-output of size: 43682, inMemoryMapOutputs.size() -> 1, commitMemory -> 0, usedMemory ->43682
2024-02-26 21:37:23,314 INFO reduce.EventFetcher: EventFetcher is interrupted.. Returning
2024-02-26 21:37:23,314 INFO mapred.LocalJobRunner: 1 / 1 copied.
2024-02-26 21:37:23,314 INFO reduce.MergeManagerImpl: finalMerge called with 1 in-memory map-outputs and 0 on-disk map-outputs
2024-02-26 21:37:23,315 INFO mapred.Merger: Merging 1 sorted segments
2024-02-26 21:37:23,316 INFO mapred.Merger: Down to the last merge-pass, with 1 segments left of total size: 43672 bytes
2024-02-26 21:37:23,317 INFO reduce.MergeManagerImpl: Merged 1 segments, 43682 bytes to disk to satisfy reduce memory limit
2024-02-26 21:37:23,317 INFO reduce.MergeManagerImpl: Merging 1 files, 43686 bytes from disk
2024-02-26 21:37:23,317 INFO reduce.MergeManagerImpl: Merging 0 segments, 0 bytes from memory into reduce
2024-02-26 21:37:23,317 INFO mapred.Merger: Merging 1 sorted segments
2024-02-26 21:37:23,318 INFO mapred.Merger: Down to the last merge-pass, with 1 segments left of total size: 43672 bytes
2024-02-26 21:37:23,318 INFO mapred.LocalJobRunner: 1 / 1 copied.
2024-02-26 21:37:23,463 INFO mapred.Task: Task:attempt_local1985556570_0002_r_000000_0 is done. And is in the process of committing
2024-02-26 21:37:23,464 INFO mapred.LocalJobRunner: 1 / 1 copied.
2024-02-26 21:37:23,464 INFO mapred.Task: Task attempt_local1985556570_0002_r_000000_0 is allowed to commit now
2024-02-26 21:37:23,479 INFO output.FileOutputCommitter: Saved output of task 'attempt_local1985556570_0002_r_000000_0' to file:/home/pnisal/project2/right_tmp
2024-02-26 21:37:23,480 INFO mapred.LocalJobRunner: reduce > reduce
2024-02-26 21:37:23,480 INFO mapred.Task: Task 'attempt_local1985556570_0002_r_000000_0' done.
2024-02-26 21:37:23,480 INFO mapred.Task: Final Counters for attempt_local1985556570_0002_r_000000_0: Counters: 24
	File System Counters
		FILE: Number of bytes read=234195
		FILE: Number of bytes written=1311390
		FILE: Number of read operations=0
		FILE: Number of large read operations=0
		FILE: Number of write operations=0
	Map-Reduce Framework
		Combine input records=0
		Combine output records=0
		Reduce input groups=40
		Reduce shuffle bytes=43686
		Reduce input records=1680
		Reduce output records=40
		Spilled Records=1680
		Shuffled Maps =1
		Failed Shuffles=0
		Merged Map outputs=1
		GC time elapsed (ms)=0
		Total committed heap usage (bytes)=2147483648
	Shuffle Errors
		BAD_ID=0
		CONNECTION=0
		IO_ERROR=0
		WRONG_LENGTH=0
		WRONG_MAP=0
		WRONG_REDUCE=0
	File Output Format Counters 
		Bytes Written=16493
2024-02-26 21:37:23,480 INFO mapred.LocalJobRunner: Finishing task: attempt_local1985556570_0002_r_000000_0
2024-02-26 21:37:23,480 INFO mapred.LocalJobRunner: reduce task executor complete.
2024-02-26 21:37:28,207 WARN impl.MetricsSystemImpl: JobTracker metrics system already initialized!
2024-02-26 21:37:28,209 WARN mapreduce.JobResourceUploader: Hadoop command-line option parsing not performed. Implement the Tool interface and execute your application with ToolRunner to remedy this.
2024-02-26 21:37:28,216 INFO input.FileInputFormat: Total input files to process : 2
2024-02-26 21:37:28,218 INFO mapreduce.JobSubmitter: number of splits:2
2024-02-26 21:37:28,234 INFO mapreduce.JobSubmitter: Submitting tokens for job: job_local1791029215_0003
2024-02-26 21:37:28,234 INFO mapreduce.JobSubmitter: Executing with tokens: []
2024-02-26 21:37:28,274 INFO mapreduce.Job: The url to track the job: http://localhost:8080/
2024-02-26 21:37:28,274 INFO mapred.LocalJobRunner: OutputCommitter set in config null
2024-02-26 21:37:28,274 INFO output.FileOutputCommitter: File Output Committer Algorithm version is 2
2024-02-26 21:37:28,274 INFO output.FileOutputCommitter: FileOutputCommitter skip cleanup _temporary folders under output directory:false, ignore cleanup failures: false
2024-02-26 21:37:28,274 INFO mapred.LocalJobRunner: OutputCommitter is org.apache.hadoop.mapreduce.lib.output.FileOutputCommitter
2024-02-26 21:37:28,367 INFO mapred.LocalJobRunner: Waiting for map tasks
2024-02-26 21:37:28,368 INFO mapred.LocalJobRunner: Starting task: attempt_local1791029215_0003_m_000000_0
2024-02-26 21:37:28,369 INFO output.FileOutputCommitter: File Output Committer Algorithm version is 2
2024-02-26 21:37:28,369 INFO output.FileOutputCommitter: FileOutputCommitter skip cleanup _temporary folders under output directory:false, ignore cleanup failures: false
2024-02-26 21:37:28,370 INFO mapred.Task:  Using ResourceCalculatorProcessTree : [ ]
2024-02-26 21:37:28,371 INFO mapred.MapTask: Processing split: file:/home/pnisal/project2/right_tmp/part-r-00000:0+16357
2024-02-26 21:37:28,382 INFO mapred.MapTask: (EQUATOR) 0 kvi 26214396(104857584)
2024-02-26 21:37:28,383 INFO mapred.MapTask: mapreduce.task.io.sort.mb: 100
2024-02-26 21:37:28,383 INFO mapred.MapTask: soft limit at 83886080
2024-02-26 21:37:28,383 INFO mapred.MapTask: bufstart = 0; bufvoid = 104857600
2024-02-26 21:37:28,383 INFO mapred.MapTask: kvstart = 26214396; length = 6553600
2024-02-26 21:37:28,384 INFO mapred.MapTask: Map output collector class = org.apache.hadoop.mapred.MapTask$MapOutputBuffer
2024-02-26 21:37:28,391 INFO mapred.LocalJobRunner: 
2024-02-26 21:37:28,392 INFO mapred.MapTask: Starting flush of map output
2024-02-26 21:37:28,392 INFO mapred.MapTask: Spilling map output
2024-02-26 21:37:28,392 INFO mapred.MapTask: bufstart = 0; bufend = 16000; bufvoid = 104857600
2024-02-26 21:37:28,392 INFO mapred.MapTask: kvstart = 26214396(104857584); kvend = 26214240(104856960); length = 157/6553600
2024-02-26 21:37:28,393 INFO mapred.MapTask: Finished spill 0
2024-02-26 21:37:28,393 INFO mapred.Task: Task:attempt_local1791029215_0003_m_000000_0 is done. And is in the process of committing
2024-02-26 21:37:28,394 INFO mapred.LocalJobRunner: map
2024-02-26 21:37:28,394 INFO mapred.Task: Task 'attempt_local1791029215_0003_m_000000_0' done.
2024-02-26 21:37:28,395 INFO mapred.Task: Final Counters for attempt_local1791029215_0003_m_000000_0: Counters: 17
	File System Counters
		FILE: Number of bytes read=259933
		FILE: Number of bytes written=1881408
		FILE: Number of read operations=0
		FILE: Number of large read operations=0
		FILE: Number of write operations=0
	Map-Reduce Framework
		Map input records=40
		Map output records=40
		Map output bytes=16000
		Map output materialized bytes=16166
		Input split bytes=245
		Combine input records=0
		Spilled Records=40
		Failed Shuffles=0
		Merged Map outputs=0
		GC time elapsed (ms)=0
		Total committed heap usage (bytes)=2147483648
	File Input Format Counters 
		Bytes Read=0
2024-02-26 21:37:28,395 INFO mapred.LocalJobRunner: Finishing task: attempt_local1791029215_0003_m_000000_0
2024-02-26 21:37:28,395 INFO mapred.LocalJobRunner: Starting task: attempt_local1791029215_0003_m_000001_0
2024-02-26 21:37:28,396 INFO output.FileOutputCommitter: File Output Committer Algorithm version is 2
2024-02-26 21:37:28,396 INFO output.FileOutputCommitter: FileOutputCommitter skip cleanup _temporary folders under output directory:false, ignore cleanup failures: false
2024-02-26 21:37:28,396 INFO mapred.Task:  Using ResourceCalculatorProcessTree : [ ]
2024-02-26 21:37:28,396 INFO mapred.MapTask: Processing split: file:/home/pnisal/project2/left_tmp/part-r-00000:0+16357
2024-02-26 21:37:28,407 INFO mapred.MapTask: (EQUATOR) 0 kvi 26214396(104857584)
2024-02-26 21:37:28,407 INFO mapred.MapTask: mapreduce.task.io.sort.mb: 100
2024-02-26 21:37:28,407 INFO mapred.MapTask: soft limit at 83886080
2024-02-26 21:37:28,407 INFO mapred.MapTask: bufstart = 0; bufvoid = 104857600
2024-02-26 21:37:28,407 INFO mapred.MapTask: kvstart = 26214396; length = 6553600
2024-02-26 21:37:28,408 INFO mapred.MapTask: Map output collector class = org.apache.hadoop.mapred.MapTask$MapOutputBuffer
2024-02-26 21:37:28,411 INFO mapred.LocalJobRunner: 
2024-02-26 21:37:28,411 INFO mapred.MapTask: Starting flush of map output
2024-02-26 21:37:28,411 INFO mapred.MapTask: Spilling map output
2024-02-26 21:37:28,411 INFO mapred.MapTask: bufstart = 0; bufend = 16000; bufvoid = 104857600
2024-02-26 21:37:28,411 INFO mapred.MapTask: kvstart = 26214396(104857584); kvend = 26214240(104856960); length = 157/6553600
2024-02-26 21:37:28,412 INFO mapred.MapTask: Finished spill 0
2024-02-26 21:37:28,412 INFO mapred.Task: Task:attempt_local1791029215_0003_m_000001_0 is done. And is in the process of committing
2024-02-26 21:37:28,413 INFO mapred.LocalJobRunner: map
2024-02-26 21:37:28,413 INFO mapred.Task: Task 'attempt_local1791029215_0003_m_000001_0' done.
2024-02-26 21:37:28,414 INFO mapred.Task: Final Counters for attempt_local1791029215_0003_m_000001_0: Counters: 17
	File System Counters
		FILE: Number of bytes read=276934
		FILE: Number of bytes written=1897606
		FILE: Number of read operations=0
		FILE: Number of large read operations=0
		FILE: Number of write operations=0
	Map-Reduce Framework
		Map input records=40
		Map output records=40
		Map output bytes=16000
		Map output materialized bytes=16166
		Input split bytes=244
		Combine input records=0
		Spilled Records=40
		Failed Shuffles=0
		Merged Map outputs=0
		GC time elapsed (ms)=0
		Total committed heap usage (bytes)=2147483648
	File Input Format Counters 
		Bytes Read=0
2024-02-26 21:37:28,414 INFO mapred.LocalJobRunner: Finishing task: attempt_local1791029215_0003_m_000001_0
2024-02-26 21:37:28,414 INFO mapred.LocalJobRunner: map task executor complete.
2024-02-26 21:37:28,415 INFO mapred.LocalJobRunner: Waiting for reduce tasks
2024-02-26 21:37:28,415 INFO mapred.LocalJobRunner: Starting task: attempt_local1791029215_0003_r_000000_0
2024-02-26 21:37:28,416 INFO output.FileOutputCommitter: File Output Committer Algorithm version is 2
2024-02-26 21:37:28,416 INFO output.FileOutputCommitter: FileOutputCommitter skip cleanup _temporary folders under output directory:false, ignore cleanup failures: false
2024-02-26 21:37:28,417 INFO mapred.Task:  Using ResourceCalculatorProcessTree : [ ]
2024-02-26 21:37:28,417 INFO mapred.ReduceTask: Using ShuffleConsumerPlugin: org.apache.hadoop.mapreduce.task.reduce.Shuffle@6182a8d4
2024-02-26 21:37:28,417 WARN impl.MetricsSystemImpl: JobTracker metrics system already initialized!
2024-02-26 21:37:28,418 INFO reduce.MergeManagerImpl: The max number of bytes for a single in-memory shuffle cannot be larger than Integer.MAX_VALUE. Setting it to Integer.MAX_VALUE
2024-02-26 21:37:28,418 INFO reduce.MergeManagerImpl: MergerManager: memoryLimit=22525089792, maxSingleShuffleLimit=2147483647, mergeThreshold=14866560000, ioSortFactor=10, memToMemMergeOutputsThreshold=10
2024-02-26 21:37:28,419 INFO reduce.EventFetcher: attempt_local1791029215_0003_r_000000_0 Thread started: EventFetcher for fetching Map Completion Events
2024-02-26 21:37:28,420 INFO reduce.LocalFetcher: localfetcher#3 about to shuffle output of map attempt_local1791029215_0003_m_000001_0 decomp: 16162 len: 16166 to MEMORY
2024-02-26 21:37:28,421 INFO reduce.InMemoryMapOutput: Read 16162 bytes from map-output for attempt_local1791029215_0003_m_000001_0
2024-02-26 21:37:28,421 INFO reduce.MergeManagerImpl: closeInMemoryFile -> map-output of size: 16162, inMemoryMapOutputs.size() -> 1, commitMemory -> 0, usedMemory ->16162
2024-02-26 21:37:28,422 INFO reduce.LocalFetcher: localfetcher#3 about to shuffle output of map attempt_local1791029215_0003_m_000000_0 decomp: 16162 len: 16166 to MEMORY
2024-02-26 21:37:28,422 INFO reduce.InMemoryMapOutput: Read 16162 bytes from map-output for attempt_local1791029215_0003_m_000000_0
2024-02-26 21:37:28,422 WARN io.ReadaheadPool: Failed readahead on ifile
EBADF: Bad file descriptor
	at org.apache.hadoop.io.nativeio.NativeIO$POSIX.posix_fadvise(Native Method)
	at org.apache.hadoop.io.nativeio.NativeIO$POSIX.posixFadviseIfPossible(NativeIO.java:419)
	at org.apache.hadoop.io.nativeio.NativeIO$POSIX$CacheManipulator.posixFadviseIfPossible(NativeIO.java:296)
	at org.apache.hadoop.io.ReadaheadPool$ReadaheadRequestImpl.run(ReadaheadPool.java:209)
	at java.base/java.util.concurrent.ThreadPoolExecutor.runWorker(ThreadPoolExecutor.java:1128)
	at java.base/java.util.concurrent.ThreadPoolExecutor$Worker.run(ThreadPoolExecutor.java:628)
	at java.base/java.lang.Thread.run(Thread.java:834)
2024-02-26 21:37:28,422 WARN io.ReadaheadPool: Failed readahead on ifile
EBADF: Bad file descriptor
	at org.apache.hadoop.io.nativeio.NativeIO$POSIX.posix_fadvise(Native Method)
	at org.apache.hadoop.io.nativeio.NativeIO$POSIX.posixFadviseIfPossible(NativeIO.java:419)
	at org.apache.hadoop.io.nativeio.NativeIO$POSIX$CacheManipulator.posixFadviseIfPossible(NativeIO.java:296)
	at org.apache.hadoop.io.ReadaheadPool$ReadaheadRequestImpl.run(ReadaheadPool.java:209)
	at java.base/java.util.concurrent.ThreadPoolExecutor.runWorker(ThreadPoolExecutor.java:1128)
	at java.base/java.util.concurrent.ThreadPoolExecutor$Worker.run(ThreadPoolExecutor.java:628)
	at java.base/java.lang.Thread.run(Thread.java:834)
2024-02-26 21:37:28,422 INFO reduce.MergeManagerImpl: closeInMemoryFile -> map-output of size: 16162, inMemoryMapOutputs.size() -> 2, commitMemory -> 16162, usedMemory ->32324
2024-02-26 21:37:28,424 INFO reduce.EventFetcher: EventFetcher is interrupted.. Returning
2024-02-26 21:37:28,425 INFO mapred.LocalJobRunner: 2 / 2 copied.
2024-02-26 21:37:28,425 INFO reduce.MergeManagerImpl: finalMerge called with 2 in-memory map-outputs and 0 on-disk map-outputs
2024-02-26 21:37:28,426 INFO mapred.Merger: Merging 2 sorted segments
2024-02-26 21:37:28,426 INFO mapred.Merger: Down to the last merge-pass, with 2 segments left of total size: 32300 bytes
2024-02-26 21:37:28,427 INFO reduce.MergeManagerImpl: Merged 2 segments, 32324 bytes to disk to satisfy reduce memory limit
2024-02-26 21:37:28,427 INFO reduce.MergeManagerImpl: Merging 1 files, 32326 bytes from disk
2024-02-26 21:37:28,427 INFO reduce.MergeManagerImpl: Merging 0 segments, 0 bytes from memory into reduce
2024-02-26 21:37:28,427 INFO mapred.Merger: Merging 1 sorted segments
2024-02-26 21:37:28,428 INFO mapred.Merger: Down to the last merge-pass, with 1 segments left of total size: 32310 bytes
2024-02-26 21:37:28,428 INFO mapred.LocalJobRunner: 2 / 2 copied.
2024-02-26 21:37:28,765 INFO mapred.Task: Task:attempt_local1791029215_0003_r_000000_0 is done. And is in the process of committing
2024-02-26 21:37:28,765 INFO mapred.LocalJobRunner: 2 / 2 copied.
2024-02-26 21:37:28,765 INFO mapred.Task: Task attempt_local1791029215_0003_r_000000_0 is allowed to commit now
2024-02-26 21:37:28,796 INFO output.FileOutputCommitter: Saved output of task 'attempt_local1791029215_0003_r_000000_0' to file:/home/pnisal/project2/output
2024-02-26 21:37:28,796 INFO mapred.LocalJobRunner: reduce > reduce
2024-02-26 21:37:28,796 INFO mapred.Task: Task 'attempt_local1791029215_0003_r_000000_0' done.
2024-02-26 21:37:28,797 INFO mapred.Task: Final Counters for attempt_local1791029215_0003_r_000000_0: Counters: 24
	File System Counters
		FILE: Number of bytes read=341656
		FILE: Number of bytes written=1944643
		FILE: Number of read operations=0
		FILE: Number of large read operations=0
		FILE: Number of write operations=0
	Map-Reduce Framework
		Combine input records=0
		Combine output records=0
		Reduce input groups=40
		Reduce shuffle bytes=32332
		Reduce input records=80
		Reduce output records=40
		Spilled Records=80
		Shuffled Maps =2
		Failed Shuffles=0
		Merged Map outputs=2
		GC time elapsed (ms)=0
		Total committed heap usage (bytes)=2147483648
	Shuffle Errors
		BAD_ID=0
		CONNECTION=0
		IO_ERROR=0
		WRONG_LENGTH=0
		WRONG_MAP=0
		WRONG_REDUCE=0
	File Output Format Counters 
		Bytes Written=14711
2024-02-26 21:37:28,797 INFO mapred.LocalJobRunner: Finishing task: attempt_local1791029215_0003_r_000000_0
2024-02-26 21:37:28,797 INFO mapred.LocalJobRunner: reduce task executor complete.
